1761454684187	geckodriver	INFO	Listening on 127.0.0.1:57561
1761454684700	mozrunner::runner	INFO	Running command: MOZ_CRASHREPORTER="1" MOZ_CRASHREPORTER_NO_REPORT="1" MOZ_CRASHREPORTER_SHUTDOWN="1" "/data/data/com.termux/ ... 51875" "--remote-allow-hosts" "localhost" "-no-remote" "-profile" "/data/data/com.termux/files/usr/tmp/rust_mozprofileUJq6R3"
*** You are running in headless mode.
console.warn: services.settings: Ignoring preference override of remote settings server
console.warn: services.settings: Allow by setting MOZ_REMOTE_SETTINGS_DEVTOOLS=1 in the environment
Crash Annotation GraphicsCriticalError: |[0][GFX1-]: glxtest: Unable to open a connection to the X server (t=3.40494) [GFX1-]: glxtest: Unable to open a connection to the X server
Crash Annotation GraphicsCriticalError: |[0][GFX1-]: glxtest: Unable to open a connection to the X server (t=3.40494) |[1][GFX1-]: No GPUs detected via PCI
 (t=3.40894) [GFX1-]: No GPUs detected via PCI

1761454688440	Marionette	INFO	Marionette enabled
console.error: "Warning: unrecognized command line flag" "-no-sandbox"
console.error: "Warning: unrecognized command line flag" "-disable-gpu"
1761454689196	Marionette	INFO	Listening on port 37923
Read port: 37923
WebDriver BiDi listening on ws://127.0.0.1:51875
1761454689686	RemoteAgent	WARN	TLS certificate errors will be ignored for this session
Crash Annotation GraphicsCriticalError: |[0][GFX1-]: glxtest: Unable to open a connection to the X server (t=3.40494) |[1][GFX1-]: No GPUs detected via PCI
 (t=3.40894) |[2][GFX1-]: RenderCompositorSWGL failed mapping default framebuffer, no dt (t=7.02894) [GFX1-]: RenderCompositorSWGL failed mapping default framebuffer, no dt
JavaScript error: resource:///modules/backup/BackupService.sys.mjs, line 108: NS_ERROR_FAILURE: Component returned failure code: 0x80004005 (NS_ERROR_FAILURE) [nsIProperties.get]
1761454703744	Marionette	INFO	Stopped listening on port 37923
console.error: services.settings: 
  main/doh-config: Signature of bundled changeset is invalid: [Exception... "<no message>"  nsresult: "0x8046001e (<unknown>)"  location: "JS frame :: resource://gre/modules/ServiceRequest.sys.mjs :: open :: line 126"  data: no].
console.error: services.settings: 
  main/fingerprinting-protection-overrides: Signature of bundled changeset is invalid: [Exception... "<no message>"  nsresult: "0x8046001e (<unknown>)"  location: "JS frame :: resource://gre/modules/ServiceRequest.sys.mjs :: open :: line 126"  data: no].
console.error: services.settings: 
  main/partitioning-exempt-urls: Signature of bundled changeset is invalid: [Exception... "<no message>"  nsresult: "0x8046001e (<unknown>)"  location: "JS frame :: resource://gre/modules/ServiceRequest.sys.mjs :: open :: line 126"  data: no].
console.error: services.settings: 
  main/cfr: Signature of bundled changeset is invalid: [Exception... "<no message>"  nsresult: "0x8046001e (<unknown>)"  location: "JS frame :: resource://gre/modules/ServiceRequest.sys.mjs :: open :: line 126"  data: no].
console.error: services.settings: 
  main/newtab-wallpapers-v2: Signature of bundled changeset is invalid: [Exception... "<no message>"  nsresult: "0x8046001e (<unknown>)"  location: "JS frame :: resource://gre/modules/ServiceRequest.sys.mjs :: open :: line 126"  data: no].
console.error: services.settings: 
  main/normandy-recipes-capabilities: Signature of bundled changeset is invalid: [Exception... "<no message>"  nsresult: "0x8046001e (<unknown>)"  location: "JS frame :: resource://gre/modules/ServiceRequest.sys.mjs :: open :: line 126"  data: no].
console.error: services.settings: 
  main/remote-permissions: Signature of bundled changeset is invalid: [Exception... "<no message>"  nsresult: "0x8046001e (<unknown>)"  location: "JS frame :: resource://gre/modules/ServiceRequest.sys.mjs :: open :: line 126"  data: no].
console.error: services.settings: 
  main/search-categorization: Signature of bundled changeset is invalid: [Exception... "<no message>"  nsresult: "0x8046001e (<unknown>)"  location: "JS frame :: resource://gre/modules/ServiceRequest.sys.mjs :: open :: line 126"  data: no].
console.error: services.settings: 
  main/third-party-cookie-blocking-exempt-urls: Signature of bundled changeset is invalid: [Exception... "<no message>"  nsresult: "0x8046001e (<unknown>)"  location: "JS frame :: resource://gre/modules/ServiceRequest.sys.mjs :: open :: line 126"  data: no].
console.error: services.settings: 
  main/query-stripping: Signature of bundled changeset is invalid: [Exception... "<no message>"  nsresult: "0x8046001e (<unknown>)"  location: "JS frame :: resource://gre/modules/ServiceRequest.sys.mjs :: open :: line 126"  data: no].
console.error: services.settings: 
  main/doh-providers: Signature of bundled changeset is invalid: [Exception... "<no message>"  nsresult: "0x8046001e (<unknown>)"  location: "JS frame :: resource://gre/modules/ServiceRequest.sys.mjs :: open :: line 126"  data: no].
console.error: services.settings: 
Object
  - prototype Object
    - columnNumber = 0
    - data = null
    - filename = resource://gre/modules/ServiceRequest.sys.mjs
    - lineNumber = 126
    - location = {"name":"open","filename":"resource://gre/modules/ServiceRequest.sys.mjs","sourceId":25,"lineNumber":126,"columnNumber":11,"asyncCause":null,"asyncCaller":null,"caller":{"filename":"resource://services-settings/Utils.sys.mjs","name":"fetch/<","sourceId":24,"lineNumber":268,"columnNumber":15,"asyncCause":null,"asyncCaller":null,"caller":{"filename":"resource://services-settings/Utils.sys.mjs","name":"fetch","sourceId":24,"lineNumber":219,"columnNumber":12,"asyncCause":null,"asyncCaller":null,"caller":{"filename":"resource://services-settings/Utils.sys.mjs","name":"fetchLatestChanges","sourceId":24,"lineNumber":429,"columnNumber":34,"asyncCause":null,"asyncCaller":null,"caller":{"filename":"resource://services-settings/RemoteSettingsClient.sys.mjs","name":"sync","sourceId":22,"lineNumber":658,"columnNumber":42,"asyncCause":null,"asyncCaller":null,"caller":{"filename":"resource://services-settings/RemoteSettingsClient.sys.mjs","name":"get/this._importingPromise<","sourceId":22,"lineNumber":496,"columnNumber":28,"asyncCause":null,"asyncCaller":null,"caller":null,"formattedStack":"get/this._importingPromise<@resource://services-settings/RemoteSettingsClient.sys.mjs:496:28\n","nativeSavedFrame":{}},"formattedStack":"sync@resource://services-settings/RemoteSettingsClient.sys.mjs:658:42\nget/this._importingPromise<@resource://services-settings/RemoteSettingsClient.sys.mjs:496:28\n","nativeSavedFrame":{}},"formattedStack":"fetchLatestChanges@resource://services-settings/Utils.sys.mjs:429:34\nsync@resource://services-settings/RemoteSettingsClient.sys.mjs:658:42\nget/this._importingPromise<@resource://services-settings/RemoteSettingsClient.sys.mjs:496:28\n","nativeSavedFrame":{}},"formattedStack":"fetch@resource://services-settings/Utils.sys.mjs:219:12\nfetchLatestChanges@resource://services-settings/Utils.sys.mjs:429:34\nsync@resource://services-settings/RemoteSettingsClient.sys.mjs:658:42\nget/this._importingPromise<@resource://services-settings/RemoteSettingsClient.sys.mjs:496:28\n","nativeSavedFrame":{}},"formattedStack":"fetch/<@resource://services-settings/Utils.sys.mjs:268:15\nfetch@resource://services-settings/Utils.sys.mjs:219:12\nfetchLatestChanges@resource://services-settings/Utils.sys.mjs:429:34\nsync@resource://services-settings/RemoteSettingsClient.sys.mjs:658:42\nget/this._importingPromise<@resource://services-settings/RemoteSettingsClient.sys.mjs:496:28\n","nativeSavedFrame":{}},"formattedStack":"open@resource://gre/modules/ServiceRequest.sys.mjs:126:11\nfetch/<@resource://services-settings/Utils.sys.mjs:268:15\nfetch@resource://services-settings/Utils.sys.mjs:219:12\nfetchLatestChanges@resource://services-settings/Utils.sys.mjs:429:34\nsync@resource://services-settings/RemoteSettingsClient.sys.mjs:658:42\nget/this._importingPromise<@resource://services-settings/RemoteSettingsClient.sys.mjs:496:28\n","nativeSavedFrame":{}}
    - message = 
    - name = 
    - result = 2152071198
    - stack = open@resource://gre/modules/ServiceRequest.sys.mjs:126:11|fetch/<@resource://services-settings/Utils.sys.mjs:268:15|fetch@resource://services-settings/Utils.sys.mjs:219:12|fetchLatestChanges@resource://services-settings/Utils.sys.mjs:429:34|sync@resource://services-settings/RemoteSettingsClient.sys.mjs:658:42|get/this._importingPromise<@resource://services-settings/RemoteSettingsClient.sys.mjs:496:28|
  - prototype Object
console.error: services.settings: 
Object
  - prototype Object
    - columnNumber = 0
    - data = null
    - filename = resource://gre/modules/ServiceRequest.sys.mjs
    - lineNumber = 126
    - location = {"name":"open","filename":"resource://gre/modules/ServiceRequest.sys.mjs","sourceId":25,"lineNumber":126,"columnNumber":11,"asyncCause":null,"asyncCaller":null,"caller":{"filename":"resource://services-settings/Utils.sys.mjs","name":"fetch/<","sourceId":24,"lineNumber":268,"columnNumber":15,"asyncCause":null,"asyncCaller":null,"caller":{"filename":"resource://services-settings/Utils.sys.mjs","name":"fetch","sourceId":24,"lineNumber":219,"columnNumber":12,"asyncCause":null,"asyncCaller":null,"caller":{"filename":"resource://services-settings/Utils.sys.mjs","name":"fetchLatestChanges","sourceId":24,"lineNumber":429,"columnNumber":34,"asyncCause":null,"asyncCaller":null,"caller":{"filename":"resource://services-settings/RemoteSettingsClient.sys.mjs","name":"sync","sourceId":22,"lineNumber":658,"columnNumber":42,"asyncCause":null,"asyncCaller":null,"caller":{"filename":"resource://services-settings/RemoteSettingsClient.sys.mjs","name":"get/this._importingPromise<","sourceId":22,"lineNumber":496,"columnNumber":28,"asyncCause":null,"asyncCaller":null,"caller":null,"formattedStack":"get/this._importingPromise<@resource://services-settings/RemoteSettingsClient.sys.mjs:496:28\n","nativeSavedFrame":{}},"formattedStack":"sync@resource://services-settings/RemoteSettingsClient.sys.mjs:658:42\nget/this._importingPromise<@resource://services-settings/RemoteSettingsClient.sys.mjs:496:28\n","nativeSavedFrame":{}},"formattedStack":"fetchLatestChanges@resource://services-settings/Utils.sys.mjs:429:34\nsync@resource://services-settings/RemoteSettingsClient.sys.mjs:658:42\nget/this._importingPromise<@resource://services-settings/RemoteSettingsClient.sys.mjs:496:28\n","nativeSavedFrame":{}},"formattedStack":"fetch@resource://services-settings/Utils.sys.mjs:219:12\nfetchLatestChanges@resource://services-settings/Utils.sys.mjs:429:34\nsync@resource://services-settings/RemoteSettingsClient.sys.mjs:658:42\nget/this._importingPromise<@resource://services-settings/RemoteSettingsClient.sys.mjs:496:28\n","nativeSavedFrame":{}},"formattedStack":"fetch/<@resource://services-settings/Utils.sys.mjs:268:15\nfetch@resource://services-settings/Utils.sys.mjs:219:12\nfetchLatestChanges@resource://services-settings/Utils.sys.mjs:429:34\nsync@resource://services-settings/RemoteSettingsClient.sys.mjs:658:42\nget/this._importingPromise<@resource://services-settings/RemoteSettingsClient.sys.mjs:496:28\n","nativeSavedFrame":{}},"formattedStack":"open@resource://gre/modules/ServiceRequest.sys.mjs:126:11\nfetch/<@resource://services-settings/Utils.sys.mjs:268:15\nfetch@resource://services-settings/Utils.sys.mjs:219:12\nfetchLatestChanges@resource://services-settings/Utils.sys.mjs:429:34\nsync@resource://services-settings/RemoteSettingsClient.sys.mjs:658:42\nget/this._importingPromise<@resource://services-settings/RemoteSettingsClient.sys.mjs:496:28\n","nativeSavedFrame":{}}
    - message = 
    - name = 
    - result = 2152071198
    - stack = open@resource://gre/modules/ServiceRequest.sys.mjs:126:11|fetch/<@resource://services-settings/Utils.sys.mjs:268:15|fetch@resource://services-settings/Utils.sys.mjs:219:12|fetchLatestChanges@resource://services-settings/Utils.sys.mjs:429:34|sync@resource://services-settings/RemoteSettingsClient.sys.mjs:658:42|get/this._importingPromise<@resource://services-settings/RemoteSettingsClient.sys.mjs:496:28|
  - prototype Object
console.error: services.settings: 
Object
  - prototype Object
    - columnNumber = 0
    - data = null
    - filename = resource://gre/modules/ServiceRequest.sys.mjs
    - lineNumber = 126
    - location = {"name":"open","filename":"resource://gre/modules/ServiceRequest.sys.mjs","sourceId":25,"lineNumber":126,"columnNumber":11,"asyncCause":null,"asyncCaller":null,"caller":{"filename":"resource://services-settings/Utils.sys.mjs","name":"fetch/<","sourceId":24,"lineNumber":268,"columnNumber":15,"asyncCause":null,"asyncCaller":null,"caller":{"filename":"resource://services-settings/Utils.sys.mjs","name":"fetch","sourceId":24,"lineNumber":219,"columnNumber":12,"asyncCause":null,"asyncCaller":null,"caller":{"filename":"resource://services-settings/Utils.sys.mjs","name":"fetchLatestChanges","sourceId":24,"lineNumber":429,"columnNumber":34,"asyncCause":null,"asyncCaller":null,"caller":{"filename":"resource://services-settings/RemoteSettingsClient.sys.mjs","name":"sync","sourceId":22,"lineNumber":658,"columnNumber":42,"asyncCause":null,"asyncCaller":null,"caller":{"filename":"resource://services-settings/RemoteSettingsClient.sys.mjs","name":"get/this._importingPromise<","sourceId":22,"lineNumber":496,"columnNumber":28,"asyncCause":null,"asyncCaller":null,"caller":null,"formattedStack":"get/this._importingPromise<@resource://services-settings/RemoteSettingsClient.sys.mjs:496:28\n","nativeSavedFrame":{}},"formattedStack":"sync@resource://services-settings/RemoteSettingsClient.sys.mjs:658:42\nget/this._importingPromise<@resource://services-settings/RemoteSettingsClient.sys.mjs:496:28\n","nativeSavedFrame":{}},"formattedStack":"fetchLatestChanges@resource://services-settings/Utils.sys.mjs:429:34\nsync@resource://services-settings/RemoteSettingsClient.sys.mjs:658:42\nget/this._importingPromise<@resource://services-settings/RemoteSettingsClient.sys.mjs:496:28\n","nativeSavedFrame":{}},"formattedStack":"fetch@resource://services-settings/Utils.sys.mjs:219:12\nfetchLatestChanges@resource://services-settings/Utils.sys.mjs:429:34\nsync@resource://services-settings/RemoteSettingsClient.sys.mjs:658:42\nget/this._importingPromise<@resource://services-settings/RemoteSettingsClient.sys.mjs:496:28\n","nativeSavedFrame":{}},"formattedStack":"fetch/<@resource://services-settings/Utils.sys.mjs:268:15\nfetch@resource://services-settings/Utils.sys.mjs:219:12\nfetchLatestChanges@resource://services-settings/Utils.sys.mjs:429:34\nsync@resource://services-settings/RemoteSettingsClient.sys.mjs:658:42\nget/this._importingPromise<@resource://services-settings/RemoteSettingsClient.sys.mjs:496:28\n","nativeSavedFrame":{}},"formattedStack":"open@resource://gre/modules/ServiceRequest.sys.mjs:126:11\nfetch/<@resource://services-settings/Utils.sys.mjs:268:15\nfetch@resource://services-settings/Utils.sys.mjs:219:12\nfetchLatestChanges@resource://services-settings/Utils.sys.mjs:429:34\nsync@resource://services-settings/RemoteSettingsClient.sys.mjs:658:42\nget/this._importingPromise<@resource://services-settings/RemoteSettingsClient.sys.mjs:496:28\n","nativeSavedFrame":{}}
    - message = 
    - name = 
    - result = 2152071198
    - stack = open@resource://gre/modules/ServiceRequest.sys.mjs:126:11|fetch/<@resource://services-settings/Utils.sys.mjs:268:15|fetch@resource://services-settings/Utils.sys.mjs:219:12|fetchLatestChanges@resource://services-settings/Utils.sys.mjs:429:34|sync@resource://services-settings/RemoteSettingsClient.sys.mjs:658:42|get/this._importingPromise<@resource://services-settings/RemoteSettingsClient.sys.mjs:496:28|
  - prototype Object
console.error: services.settings: 
Object
  - prototype Object
    - columnNumber = 0
    - data = null
    - filename = resource://gre/modules/ServiceRequest.sys.mjs
    - lineNumber = 126
    - location = {"name":"open","filename":"resource://gre/modules/ServiceRequest.sys.mjs","sourceId":25,"lineNumber":126,"columnNumber":11,"asyncCause":null,"asyncCaller":null,"caller":{"filename":"resource://services-settings/Utils.sys.mjs","name":"fetch/<","sourceId":24,"lineNumber":268,"columnNumber":15,"asyncCause":null,"asyncCaller":null,"caller":{"filename":"resource://services-settings/Utils.sys.mjs","name":"fetch","sourceId":24,"lineNumber":219,"columnNumber":12,"asyncCause":null,"asyncCaller":null,"caller":{"filename":"resource://services-settings/Utils.sys.mjs","name":"fetchLatestChanges","sourceId":24,"lineNumber":429,"columnNumber":34,"asyncCause":null,"asyncCaller":null,"caller":{"filename":"resource://services-settings/RemoteSettingsClient.sys.mjs","name":"sync","sourceId":22,"lineNumber":658,"columnNumber":42,"asyncCause":null,"asyncCaller":null,"caller":{"filename":"resource://services-settings/RemoteSettingsClient.sys.mjs","name":"get/this._importingPromise<","sourceId":22,"lineNumber":496,"columnNumber":28,"asyncCause":null,"asyncCaller":null,"caller":null,"formattedStack":"get/this._importingPromise<@resource://services-settings/RemoteSettingsClient.sys.mjs:496:28\n","nativeSavedFrame":{}},"formattedStack":"sync@resource://services-settings/RemoteSettingsClient.sys.mjs:658:42\nget/this._importingPromise<@resource://services-settings/RemoteSettingsClient.sys.mjs:496:28\n","nativeSavedFrame":{}},"formattedStack":"fetchLatestChanges@resource://services-settings/Utils.sys.mjs:429:34\nsync@resource://services-settings/RemoteSettingsClient.sys.mjs:658:42\nget/this._importingPromise<@resource://services-settings/RemoteSettingsClient.sys.mjs:496:28\n","nativeSavedFrame":{}},"formattedStack":"fetch@resource://services-settings/Utils.sys.mjs:219:12\nfetchLatestChanges@resource://services-settings/Utils.sys.mjs:429:34\nsync@resource://services-settings/RemoteSettingsClient.sys.mjs:658:42\nget/this._importingPromise<@resource://services-settings/RemoteSettingsClient.sys.mjs:496:28\n","nativeSavedFrame":{}},"formattedStack":"fetch/<@resource://services-settings/Utils.sys.mjs:268:15\nfetch@resource://services-settings/Utils.sys.mjs:219:12\nfetchLatestChanges@resource://services-settings/Utils.sys.mjs:429:34\nsync@resource://services-settings/RemoteSettingsClient.sys.mjs:658:42\nget/this._importingPromise<@resource://services-settings/RemoteSettingsClient.sys.mjs:496:28\n","nativeSavedFrame":{}},"formattedStack":"open@resource://gre/modules/ServiceRequest.sys.mjs:126:11\nfetch/<@resource://services-settings/Utils.sys.mjs:268:15\nfetch@resource://services-settings/Utils.sys.mjs:219:12\nfetchLatestChanges@resource://services-settings/Utils.sys.mjs:429:34\nsync@resource://services-settings/RemoteSettingsClient.sys.mjs:658:42\nget/this._importingPromise<@resource://services-settings/RemoteSettingsClient.sys.mjs:496:28\n","nativeSavedFrame":{}}
    - message = 
    - name = 
    - result = 2152071198
    - stack = open@resource://gre/modules/ServiceRequest.sys.mjs:126:11|fetch/<@resource://services-settings/Utils.sys.mjs:268:15|fetch@resource://services-settings/Utils.sys.mjs:219:12|fetchLatestChanges@resource://services-settings/Utils.sys.mjs:429:34|sync@resource://services-settings/RemoteSettingsClient.sys.mjs:658:42|get/this._importingPromise<@resource://services-settings/RemoteSettingsClient.sys.mjs:496:28|
  - prototype Object
console.error: services.settings: 
Object
  - prototype Object
    - columnNumber = 0
    - data = null
    - filename = resource://gre/modules/ServiceRequest.sys.mjs
    - lineNumber = 126
    - location = {"name":"open","filename":"resource://gre/modules/ServiceRequest.sys.mjs","sourceId":25,"lineNumber":126,"columnNumber":11,"asyncCause":null,"asyncCaller":null,"caller":{"filename":"resource://services-settings/Utils.sys.mjs","name":"fetch/<","sourceId":24,"lineNumber":268,"columnNumber":15,"asyncCause":null,"asyncCaller":null,"caller":{"filename":"resource://services-settings/Utils.sys.mjs","name":"fetch","sourceId":24,"lineNumber":219,"columnNumber":12,"asyncCause":null,"asyncCaller":null,"caller":{"filename":"resource://services-settings/Utils.sys.mjs","name":"fetchLatestChanges","sourceId":24,"lineNumber":429,"columnNumber":34,"asyncCause":null,"asyncCaller":null,"caller":{"filename":"resource://services-settings/RemoteSettingsClient.sys.mjs","name":"sync","sourceId":22,"lineNumber":658,"columnNumber":42,"asyncCause":null,"asyncCaller":null,"caller":{"filename":"resource://services-settings/RemoteSettingsClient.sys.mjs","name":"get/this._importingPromise<","sourceId":22,"lineNumber":496,"columnNumber":28,"asyncCause":null,"asyncCaller":null,"caller":null,"formattedStack":"get/this._importingPromise<@resource://services-settings/RemoteSettingsClient.sys.mjs:496:28\n","nativeSavedFrame":{}},"formattedStack":"sync@resource://services-settings/RemoteSettingsClient.sys.mjs:658:42\nget/this._importingPromise<@resource://services-settings/RemoteSettingsClient.sys.mjs:496:28\n","nativeSavedFrame":{}},"formattedStack":"fetchLatestChanges@resource://services-settings/Utils.sys.mjs:429:34\nsync@resource://services-settings/RemoteSettingsClient.sys.mjs:658:42\nget/this._importingPromise<@resource://services-settings/RemoteSettingsClient.sys.mjs:496:28\n","nativeSavedFrame":{}},"formattedStack":"fetch@resource://services-settings/Utils.sys.mjs:219:12\nfetchLatestChanges@resource://services-settings/Utils.sys.mjs:429:34\nsync@resource://services-settings/RemoteSettingsClient.sys.mjs:658:42\nget/this._importingPromise<@resource://services-settings/RemoteSettingsClient.sys.mjs:496:28\n","nativeSavedFrame":{}},"formattedStack":"fetch/<@resource://services-settings/Utils.sys.mjs:268:15\nfetch@resource://services-settings/Utils.sys.mjs:219:12\nfetchLatestChanges@resource://services-settings/Utils.sys.mjs:429:34\nsync@resource://services-settings/RemoteSettingsClient.sys.mjs:658:42\nget/this._importingPromise<@resource://services-settings/RemoteSettingsClient.sys.mjs:496:28\n","nativeSavedFrame":{}},"formattedStack":"open@resource://gre/modules/ServiceRequest.sys.mjs:126:11\nfetch/<@resource://services-settings/Utils.sys.mjs:268:15\nfetch@resource://services-settings/Utils.sys.mjs:219:12\nfetchLatestChanges@resource://services-settings/Utils.sys.mjs:429:34\nsync@resource://services-settings/RemoteSettingsClient.sys.mjs:658:42\nget/this._importingPromise<@resource://services-settings/RemoteSettingsClient.sys.mjs:496:28\n","nativeSavedFrame":{}}
    - message = 
    - name = 
    - result = 2152071198
    - stack = open@resource://gre/modules/ServiceRequest.sys.mjs:126:11|fetch/<@resource://services-settings/Utils.sys.mjs:268:15|fetch@resource://services-settings/Utils.sys.mjs:219:12|fetchLatestChanges@resource://services-settings/Utils.sys.mjs:429:34|sync@resource://services-settings/RemoteSettingsClient.sys.mjs:658:42|get/this._importingPromise<@resource://services-settings/RemoteSettingsClient.sys.mjs:496:28|
  - prototype Object
console.error: services.settings: 
Object
  - prototype Object
    - columnNumber = 0
    - data = null
    - filename = resource://gre/modules/ServiceRequest.sys.mjs
    - lineNumber = 126
    - location = {"name":"open","filename":"resource://gre/modules/ServiceRequest.sys.mjs","sourceId":25,"lineNumber":126,"columnNumber":11,"asyncCause":null,"asyncCaller":null,"caller":{"filename":"resource://services-settings/Utils.sys.mjs","name":"fetch/<","sourceId":24,"lineNumber":268,"columnNumber":15,"asyncCause":null,"asyncCaller":null,"caller":{"filename":"resource://services-settings/Utils.sys.mjs","name":"fetch","sourceId":24,"lineNumber":219,"columnNumber":12,"asyncCause":null,"asyncCaller":null,"caller":{"filename":"resource://services-settings/Utils.sys.mjs","name":"fetchLatestChanges","sourceId":24,"lineNumber":429,"columnNumber":34,"asyncCause":null,"asyncCaller":null,"caller":{"filename":"resource://services-settings/RemoteSettingsClient.sys.mjs","name":"sync","sourceId":22,"lineNumber":658,"columnNumber":42,"asyncCause":null,"asyncCaller":null,"caller":{"filename":"resource://services-settings/RemoteSettingsClient.sys.mjs","name":"get/this._importingPromise<","sourceId":22,"lineNumber":496,"columnNumber":28,"asyncCause":null,"asyncCaller":null,"caller":null,"formattedStack":"get/this._importingPromise<@resource://services-settings/RemoteSettingsClient.sys.mjs:496:28\n","nativeSavedFrame":{}},"formattedStack":"sync@resource://services-settings/RemoteSettingsClient.sys.mjs:658:42\nget/this._importingPromise<@resource://services-settings/RemoteSettingsClient.sys.mjs:496:28\n","nativeSavedFrame":{}},"formattedStack":"fetchLatestChanges@resource://services-settings/Utils.sys.mjs:429:34\nsync@resource://services-settings/RemoteSettingsClient.sys.mjs:658:42\nget/this._importingPromise<@resource://services-settings/RemoteSettingsClient.sys.mjs:496:28\n","nativeSavedFrame":{}},"formattedStack":"fetch@resource://services-settings/Utils.sys.mjs:219:12\nfetchLatestChanges@resource://services-settings/Utils.sys.mjs:429:34\nsync@resource://services-settings/RemoteSettingsClient.sys.mjs:658:42\nget/this._importingPromise<@resource://services-settings/RemoteSettingsClient.sys.mjs:496:28\n","nativeSavedFrame":{}},"formattedStack":"fetch/<@resource://services-settings/Utils.sys.mjs:268:15\nfetch@resource://services-settings/Utils.sys.mjs:219:12\nfetchLatestChanges@resource://services-settings/Utils.sys.mjs:429:34\nsync@resource://services-settings/RemoteSettingsClient.sys.mjs:658:42\nget/this._importingPromise<@resource://services-settings/RemoteSettingsClient.sys.mjs:496:28\n","nativeSavedFrame":{}},"formattedStack":"open@resource://gre/modules/ServiceRequest.sys.mjs:126:11\nfetch/<@resource://services-settings/Utils.sys.mjs:268:15\nfetch@resource://services-settings/Utils.sys.mjs:219:12\nfetchLatestChanges@resource://services-settings/Utils.sys.mjs:429:34\nsync@resource://services-settings/RemoteSettingsClient.sys.mjs:658:42\nget/this._importingPromise<@resource://services-settings/RemoteSettingsClient.sys.mjs:496:28\n","nativeSavedFrame":{}}
    - message = 
    - name = 
    - result = 2152071198
    - stack = open@resource://gre/modules/ServiceRequest.sys.mjs:126:11|fetch/<@resource://services-settings/Utils.sys.mjs:268:15|fetch@resource://services-settings/Utils.sys.mjs:219:12|fetchLatestChanges@resource://services-settings/Utils.sys.mjs:429:34|sync@resource://services-settings/RemoteSettingsClient.sys.mjs:658:42|get/this._importingPromise<@resource://services-settings/RemoteSettingsClient.sys.mjs:496:28|
  - prototype Object
console.error: "Failed to fetch https://spocs.getpocket.com/user:" "NetworkError when attempting to fetch resource."
console.error: (new TypeError("NetworkError when attempting to fetch resource.", ""))
console.error: (new Error("OHTTP was configured for https://ads.mozilla.org/v1/delete_user but we couldn't fetch a valid config", "moz-src:///browser/modules/ContextId.sys.mjs", 234))
console.warn: TopSitesFeed: Failed to fetch data from MARS server: NetworkError when attempting to fetch resource.
JavaScript error: resource://gre/modules/ObliviousHTTP.sys.mjs, line 117: NS_ERROR_XPC_CANT_CONVERT_PRIMITIVE_TO_ARRAY: Cannot convert primitive JavaScript value into an array arg 2 [nsIObliviousHttpService.newChannel]
console.error: services.settings: 
Object
  - prototype Object
    - columnNumber = 0
    - data = null
    - filename = resource://gre/modules/ServiceRequest.sys.mjs
    - lineNumber = 126
    - location = {"name":"open","filename":"resource://gre/modules/ServiceRequest.sys.mjs","sourceId":25,"lineNumber":126,"columnNumber":11,"asyncCause":null,"asyncCaller":null,"caller":{"filename":"resource://services-settings/Utils.sys.mjs","name":"fetch/<","sourceId":24,"lineNumber":268,"columnNumber":15,"asyncCause":null,"asyncCaller":null,"caller":{"filename":"resource://services-settings/Utils.sys.mjs","name":"fetch","sourceId":24,"lineNumber":219,"columnNumber":12,"asyncCause":null,"asyncCaller":null,"caller":{"filename":"resource://services-settings/Utils.sys.mjs","name":"fetchLatestChanges","sourceId":24,"lineNumber":429,"columnNumber":34,"asyncCause":null,"asyncCaller":null,"caller":{"filename":"resource://services-settings/RemoteSettingsClient.sys.mjs","name":"sync","sourceId":22,"lineNumber":658,"columnNumber":42,"asyncCause":null,"asyncCaller":null,"caller":{"filename":"resource://services-settings/RemoteSettingsClient.sys.mjs","name":"get/this._importingPromise<","sourceId":22,"lineNumber":496,"columnNumber":28,"asyncCause":null,"asyncCaller":null,"caller":null,"formattedStack":"get/this._importingPromise<@resource://services-settings/RemoteSettingsClient.sys.mjs:496:28\n","nativeSavedFrame":{}},"formattedStack":"sync@resource://services-settings/RemoteSettingsClient.sys.mjs:658:42\nget/this._importingPromise<@resource://services-settings/RemoteSettingsClient.sys.mjs:496:28\n","nativeSavedFrame":{}},"formattedStack":"fetchLatestChanges@resource://services-settings/Utils.sys.mjs:429:34\nsync@resource://services-settings/RemoteSettingsClient.sys.mjs:658:42\nget/this._importingPromise<@resource://services-settings/RemoteSettingsClient.sys.mjs:496:28\n","nativeSavedFrame":{}},"formattedStack":"fetch@resource://services-settings/Utils.sys.mjs:219:12\nfetchLatestChanges@resource://services-settings/Utils.sys.mjs:429:34\nsync@resource://services-settings/RemoteSettingsClient.sys.mjs:658:42\nget/this._importingPromise<@resource://services-settings/RemoteSettingsClient.sys.mjs:496:28\n","nativeSavedFrame":{}},"formattedStack":"fetch/<@resource://services-settings/Utils.sys.mjs:268:15\nfetch@resource://services-settings/Utils.sys.mjs:219:12\nfetchLatestChanges@resource://services-settings/Utils.sys.mjs:429:34\nsync@resource://services-settings/RemoteSettingsClient.sys.mjs:658:42\nget/this._importingPromise<@resource://services-settings/RemoteSettingsClient.sys.mjs:496:28\n","nativeSavedFrame":{}},"formattedStack":"open@resource://gre/modules/ServiceRequest.sys.mjs:126:11\nfetch/<@resource://services-settings/Utils.sys.mjs:268:15\nfetch@resource://services-settings/Utils.sys.mjs:219:12\nfetchLatestChanges@resource://services-settings/Utils.sys.mjs:429:34\nsync@resource://services-settings/RemoteSettingsClient.sys.mjs:658:42\nget/this._importingPromise<@resource://services-settings/RemoteSettingsClient.sys.mjs:496:28\n","nativeSavedFrame":{}}
    - message = 
    - name = 
    - result = 2152071198
    - stack = open@resource://gre/modules/ServiceRequest.sys.mjs:126:11|fetch/<@resource://services-settings/Utils.sys.mjs:268:15|fetch@resource://services-settings/Utils.sys.mjs:219:12|fetchLatestChanges@resource://services-settings/Utils.sys.mjs:429:34|sync@resource://services-settings/RemoteSettingsClient.sys.mjs:658:42|get/this._importingPromise<@resource://services-settings/RemoteSettingsClient.sys.mjs:496:28|
  - prototype Object
1761454842575	geckodriver	INFO	Listening on 127.0.0.1:36483
1761454843099	mozrunner::runner	INFO	Running command: MOZ_CRASHREPORTER="1" MOZ_CRASHREPORTER_NO_REPORT="1" MOZ_CRASHREPORTER_SHUTDOWN="1" "/data/data/com.termux/ ... 45087" "--remote-allow-hosts" "localhost" "-no-remote" "-profile" "/data/data/com.termux/files/usr/tmp/rust_mozprofileBo5mGF"
*** You are running in headless mode.
console.warn: services.settings: Ignoring preference override of remote settings server
console.warn: services.settings: Allow by setting MOZ_REMOTE_SETTINGS_DEVTOOLS=1 in the environment
Crash Annotation GraphicsCriticalError: |[0][GFX1-]: glxtest: Unable to open a connection to the X server (t=1.09575) [GFX1-]: glxtest: Unable to open a connection to the X server
Crash Annotation GraphicsCriticalError: |[0][GFX1-]: glxtest: Unable to open a connection to the X server (t=1.09575) |[1][GFX1-]: No GPUs detected via PCI
 (t=1.09575) [GFX1-]: No GPUs detected via PCI

1761454844509	Marionette	INFO	Marionette enabled
console.error: "Warning: unrecognized command line flag" "-no-sandbox"
console.error: "Warning: unrecognized command line flag" "-disable-gpu"
1761454844914	Marionette	INFO	Listening on port 39299
WebDriver BiDi listening on ws://127.0.0.1:45087
Read port: 39299
1761454845312	RemoteAgent	WARN	TLS certificate errors will be ignored for this session
Crash Annotation GraphicsCriticalError: |[0][GFX1-]: glxtest: Unable to open a connection to the X server (t=1.09575) |[1][GFX1-]: No GPUs detected via PCI
 (t=1.09575) |[2][GFX1-]: RenderCompositorSWGL failed mapping default framebuffer, no dt (t=3.59175) [GFX1-]: RenderCompositorSWGL failed mapping default framebuffer, no dt
JavaScript error: resource:///modules/backup/BackupService.sys.mjs, line 108: NS_ERROR_FAILURE: Component returned failure code: 0x80004005 (NS_ERROR_FAILURE) [nsIProperties.get]
JavaScript warning: https://www.google.com/maps/_/js/k=maps.m.ar.IkBlMbT2vy4.2021.O/m=sc2,per,mo,lp,ep,ti,stx,ds,dwi,enr,pwd,dw,plm,log,b/am=5AIAEgEI/rt=j/d=1/rs=ACT90oE-2cFGdOb2eRSoN_fBD4SRjWv86g?wli=m.mtVJNzbq2uY.loadSv.O%3A%3Bm.x5nk1qLq7fs.mapcore.O%3A%3B&cb=M, line 2391: Failed to create WebGL context: WebGL creation failed: 
* WebglAllowWindowsNativeGl:false restricts context creation on this system. ()
* Exhausted GL driver options. (FEATURE_FAILURE_WEBGL_EXHAUSTED_DRIVERS)
JavaScript warning: https://www.google.com/maps/_/js/k=maps.m.ar.IkBlMbT2vy4.2021.O/m=sc2,per,mo,lp,ep,ti,stx,ds,dwi,enr,pwd,dw,plm,log,b/am=5AIAEgEI/rt=j/d=1/rs=ACT90oE-2cFGdOb2eRSoN_fBD4SRjWv86g?wli=m.mtVJNzbq2uY.loadSv.O%3A%3Bm.x5nk1qLq7fs.mapcore.O%3A%3B&cb=M, line 2391: Failed to create WebGL context: WebGL creation failed: 
* WebglAllowWindowsNativeGl:false restricts context creation on this system. ()
* Exhausted GL driver options. (FEATURE_FAILURE_WEBGL_EXHAUSTED_DRIVERS)
JavaScript warning: https://www.google.com/maps/_/js/k=maps.m.ar.IkBlMbT2vy4.2021.O/m=sc2,per,mo,lp,ep,ti,stx,ds,dwi,enr,pwd,dw,plm,log,b/am=5AIAEgEI/rt=j/d=1/rs=ACT90oE-2cFGdOb2eRSoN_fBD4SRjWv86g?wli=m.mtVJNzbq2uY.loadSv.O%3A%3Bm.x5nk1qLq7fs.mapcore.O%3A%3B&cb=M, line 2391: Failed to create WebGL context: WebGL creation failed: 
* WebglAllowWindowsNativeGl:false restricts context creation on this system. ()
* Exhausted GL driver options. (FEATURE_FAILURE_WEBGL_EXHAUSTED_DRIVERS)
JavaScript warning: https://www.google.com/maps/_/js/k=maps.m.ar.IkBlMbT2vy4.2021.O/m=sc2,per,mo,lp,ep,ti,stx,ds,dwi,enr,pwd,dw,plm,log,b/am=5AIAEgEI/rt=j/d=1/rs=ACT90oE-2cFGdOb2eRSoN_fBD4SRjWv86g?wli=m.mtVJNzbq2uY.loadSv.O%3A%3Bm.x5nk1qLq7fs.mapcore.O%3A%3B&cb=M, line 2391: Failed to create WebGL context: WebGL creation failed: 
* WebglAllowWindowsNativeGl:false restricts context creation on this system. ()
* Exhausted GL driver options. (FEATURE_FAILURE_WEBGL_EXHAUSTED_DRIVERS)
JavaScript warning: https://www.google.com/maps/_/js/k=maps.m.ar.IkBlMbT2vy4.2021.O/m=sc2,per,mo,lp,ep,ti,stx,ds,dwi,enr,pwd,dw,ppl,log,std,b/am=5AIAEgEI/rt=j/d=1/rs=ACT90oE-2cFGdOb2eRSoN_fBD4SRjWv86g?wli=m.mtVJNzbq2uY.loadSv.O%3A%3Bm.x5nk1qLq7fs.mapcore.O%3A%3B&cb=M, line 2391: Failed to create WebGL context: WebGL creation failed: 
* WebglAllowWindowsNativeGl:false restricts context creation on this system. ()
* Exhausted GL driver options. (FEATURE_FAILURE_WEBGL_EXHAUSTED_DRIVERS)
JavaScript warning: https://www.google.com/maps/_/js/k=maps.m.ar.IkBlMbT2vy4.2021.O/m=sc2,per,mo,lp,ep,ti,stx,ds,dwi,enr,pwd,dw,ppl,log,std,b/am=5AIAEgEI/rt=j/d=1/rs=ACT90oE-2cFGdOb2eRSoN_fBD4SRjWv86g?wli=m.mtVJNzbq2uY.loadSv.O%3A%3Bm.x5nk1qLq7fs.mapcore.O%3A%3B&cb=M, line 2391: Failed to create WebGL context: WebGL creation failed: 
* WebglAllowWindowsNativeGl:false restricts context creation on this system. ()
* Exhausted GL driver options. (FEATURE_FAILURE_WEBGL_EXHAUSTED_DRIVERS)
JavaScript warning: https://www.google.com/maps/_/js/k=maps.m.ar.IkBlMbT2vy4.2021.O/m=sc2,per,mo,lp,ep,ti,stx,ds,dwi,enr,pwd,dw,ppl,log,std,b/am=5AIAEgEI/rt=j/d=1/rs=ACT90oE-2cFGdOb2eRSoN_fBD4SRjWv86g?wli=m.mtVJNzbq2uY.loadSv.O%3A%3Bm.x5nk1qLq7fs.mapcore.O%3A%3B&cb=M, line 2391: Failed to create WebGL context: WebGL creation failed: 
* WebglAllowWindowsNativeGl:false restricts context creation on this system. ()
* Exhausted GL driver options. (FEATURE_FAILURE_WEBGL_EXHAUSTED_DRIVERS)
JavaScript warning: https://www.google.com/maps/_/js/k=maps.m.ar.IkBlMbT2vy4.2021.O/m=sc2,per,mo,lp,ep,ti,stx,ds,dwi,enr,pwd,dw,ppl,log,std,b/am=5AIAEgEI/rt=j/d=1/rs=ACT90oE-2cFGdOb2eRSoN_fBD4SRjWv86g?wli=m.mtVJNzbq2uY.loadSv.O%3A%3Bm.x5nk1qLq7fs.mapcore.O%3A%3B&cb=M, line 2391: Failed to create WebGL context: WebGL creation failed: 
* WebglAllowWindowsNativeGl:false restricts context creation on this system. ()
* Exhausted GL driver options. (FEATURE_FAILURE_WEBGL_EXHAUSTED_DRIVERS)
JavaScript warning: https://www.google.com/js/bg/SCta8LtUgwFLYZO17SojFFPkpUdru8Ts-V-5Fn_C8Ck.js, line 2011: unreachable code after return statement
JavaScript warning: https://www.google.com/js/bg/SCta8LtUgwFLYZO17SojFFPkpUdru8Ts-V-5Fn_C8Ck.js, line 2011: unreachable code after return statement
JavaScript warning: https://www.google.com/js/bg/SCta8LtUgwFLYZO17SojFFPkpUdru8Ts-V-5Fn_C8Ck.js, line 2011: unreachable code after return statement
JavaScript warning: https://www.google.com/js/bg/SCta8LtUgwFLYZO17SojFFPkpUdru8Ts-V-5Fn_C8Ck.js, line 2011: unreachable code after return statement
JavaScript warning: https://www.google.com/js/bg/SCta8LtUgwFLYZO17SojFFPkpUdru8Ts-V-5Fn_C8Ck.js, line 2011: unreachable code after return statement
JavaScript warning: https://www.google.com/js/bg/SCta8LtUgwFLYZO17SojFFPkpUdru8Ts-V-5Fn_C8Ck.js, line 2011: unreachable code after return statement
JavaScript warning: https://www.google.com/js/bg/SCta8LtUgwFLYZO17SojFFPkpUdru8Ts-V-5Fn_C8Ck.js, line 2011: unreachable code after return statement
JavaScript warning: https://www.google.com/js/bg/SCta8LtUgwFLYZO17SojFFPkpUdru8Ts-V-5Fn_C8Ck.js line 2 > eval, line 2011: unreachable code after return statement
JavaScript warning: https://www.google.com/js/bg/SCta8LtUgwFLYZO17SojFFPkpUdru8Ts-V-5Fn_C8Ck.js line 2 > eval, line 2011: unreachable code after return statement
JavaScript warning: https://www.google.com/js/bg/SCta8LtUgwFLYZO17SojFFPkpUdru8Ts-V-5Fn_C8Ck.js line 2 > eval, line 2011: unreachable code after return statement
JavaScript warning: https://www.google.com/js/bg/SCta8LtUgwFLYZO17SojFFPkpUdru8Ts-V-5Fn_C8Ck.js line 2 > eval, line 2011: unreachable code after return statement
JavaScript warning: https://www.google.com/js/bg/SCta8LtUgwFLYZO17SojFFPkpUdru8Ts-V-5Fn_C8Ck.js line 2 > eval, line 1: unreachable code after return statement
JavaScript warning: https://www.google.com/js/bg/SCta8LtUgwFLYZO17SojFFPkpUdru8Ts-V-5Fn_C8Ck.js line 2 > eval line 2011 > eval, line 1: unreachable code after return statement
JavaScript warning: https://www.google.com/js/bg/SCta8LtUgwFLYZO17SojFFPkpUdru8Ts-V-5Fn_C8Ck.js line 2 > eval line 2011 > eval, line 1: unreachable code after return statement
JavaScript warning: https://www.google.com/js/bg/SCta8LtUgwFLYZO17SojFFPkpUdru8Ts-V-5Fn_C8Ck.js line 2 > eval line 2011 > eval line 1 > eval, line 1: unreachable code after return statement
JavaScript warning: https://www.google.com/js/bg/SCta8LtUgwFLYZO17SojFFPkpUdru8Ts-V-5Fn_C8Ck.js line 2 > eval line 2011 > eval, line 1: unreachable code after return statement
JavaScript warning: https://www.google.com/js/bg/SCta8LtUgwFLYZO17SojFFPkpUdru8Ts-V-5Fn_C8Ck.js line 2 > eval line 2011 > eval line 1 > eval, line 1: unreachable code after return statement
JavaScript warning: https://www.google.com/js/bg/SCta8LtUgwFLYZO17SojFFPkpUdru8Ts-V-5Fn_C8Ck.js line 2 > eval line 2011 > eval, line 1: unreachable code after return statement
JavaScript warning: https://www.google.com/js/bg/SCta8LtUgwFLYZO17SojFFPkpUdru8Ts-V-5Fn_C8Ck.js line 2 > eval line 2011 > eval line 1 > eval, line 1: unreachable code after return statement
JavaScript warning: https://www.google.com/js/bg/SCta8LtUgwFLYZO17SojFFPkpUdru8Ts-V-5Fn_C8Ck.js line 2 > eval, line 2011: unreachable code after return statement
JavaScript warning: https://www.google.com/js/bg/SCta8LtUgwFLYZO17SojFFPkpUdru8Ts-V-5Fn_C8Ck.js line 2 > eval, line 2011: unreachable code after return statement
JavaScript warning: https://www.google.com/js/bg/SCta8LtUgwFLYZO17SojFFPkpUdru8Ts-V-5Fn_C8Ck.js line 2 > eval, line 2011: unreachable code after return statement
JavaScript warning: https://www.google.com/js/bg/SCta8LtUgwFLYZO17SojFFPkpUdru8Ts-V-5Fn_C8Ck.js line 2 > eval line 2011 > eval line 1 > eval, line 1: unreachable code after return statement
JavaScript warning: https://www.google.com/js/bg/SCta8LtUgwFLYZO17SojFFPkpUdru8Ts-V-5Fn_C8Ck.js line 2 > eval line 2011 > eval line 1 > eval, line 1: unreachable code after return statement
JavaScript warning: https://www.google.com/js/bg/SCta8LtUgwFLYZO17SojFFPkpUdru8Ts-V-5Fn_C8Ck.js line 2 > eval line 2011 > eval line 1 > eval, line 1: unreachable code after return statement
JavaScript warning: https://www.google.com/js/bg/SCta8LtUgwFLYZO17SojFFPkpUdru8Ts-V-5Fn_C8Ck.js line 2 > eval line 2011 > eval line 1 > eval, line 1: unreachable code after return statement
JavaScript warning: https://www.google.com/js/bg/SCta8LtUgwFLYZO17SojFFPkpUdru8Ts-V-5Fn_C8Ck.js line 2 > eval line 2011 > eval line 1 > eval line 1 > eval, line 1: unreachable code after return statement
JavaScript warning: https://www.google.com/js/bg/SCta8LtUgwFLYZO17SojFFPkpUdru8Ts-V-5Fn_C8Ck.js line 2 > eval line 2011 > eval line 1 > eval line 1 > eval, line 1: unreachable code after return statement
JavaScript warning: https://www.google.com/js/bg/SCta8LtUgwFLYZO17SojFFPkpUdru8Ts-V-5Fn_C8Ck.js line 2 > eval line 2011 > eval line 1 > eval line 1 > eval, line 1: unreachable code after return statement
JavaScript warning: https://www.google.com/js/bg/SCta8LtUgwFLYZO17SojFFPkpUdru8Ts-V-5Fn_C8Ck.js line 2 > eval line 2011 > eval line 1 > eval line 1 > eval, line 1: unreachable code after return statement
JavaScript warning: https://www.google.com/maps/_/js/k=maps.m.ar.IkBlMbT2vy4.2021.O/m=sc2,per,mo,lp,ep,ti,stx,ds,dwi,enr,pwd,dw,ppl,log,std,b/am=5AIAEgEI/rt=j/d=1/rs=ACT90oE-2cFGdOb2eRSoN_fBD4SRjWv86g?wli=m.mtVJNzbq2uY.loadSv.O%3A%3Bm.x5nk1qLq7fs.mapcore.O%3A%3B&cb=M, line 2391: Failed to create WebGL context: WebGL creation failed: 
* WebglAllowWindowsNativeGl:false restricts context creation on this system. ()
* Exhausted GL driver options. (FEATURE_FAILURE_WEBGL_EXHAUSTED_DRIVERS)
JavaScript warning: https://www.google.com/maps/_/js/k=maps.m.ar.IkBlMbT2vy4.2021.O/m=sc2,per,mo,lp,ep,ti,stx,ds,dwi,enr,pwd,dw,ppl,log,std,b/am=5AIAEgEI/rt=j/d=1/rs=ACT90oE-2cFGdOb2eRSoN_fBD4SRjWv86g?wli=m.mtVJNzbq2uY.loadSv.O%3A%3Bm.x5nk1qLq7fs.mapcore.O%3A%3B&cb=M, line 2391: Failed to create WebGL context: WebGL creation failed: 
* WebglAllowWindowsNativeGl:false restricts context creation on this system. ()
* Exhausted GL driver options. (FEATURE_FAILURE_WEBGL_EXHAUSTED_DRIVERS)
JavaScript warning: https://www.google.com/maps/_/js/k=maps.m.ar.IkBlMbT2vy4.2021.O/m=sc2,per,mo,lp,ep,ti,stx,ds,dwi,enr,pwd,dw,ppl,log,std,b/am=5AIAEgEI/rt=j/d=1/rs=ACT90oE-2cFGdOb2eRSoN_fBD4SRjWv86g?wli=m.mtVJNzbq2uY.loadSv.O%3A%3Bm.x5nk1qLq7fs.mapcore.O%3A%3B&cb=M, line 2391: Failed to create WebGL context: WebGL creation failed: 
* WebglAllowWindowsNativeGl:false restricts context creation on this system. ()
* Exhausted GL driver options. (FEATURE_FAILURE_WEBGL_EXHAUSTED_DRIVERS)
JavaScript warning: https://www.google.com/maps/_/js/k=maps.m.ar.IkBlMbT2vy4.2021.O/m=sc2,per,mo,lp,ep,ti,stx,ds,dwi,enr,pwd,dw,ppl,log,std,b/am=5AIAEgEI/rt=j/d=1/rs=ACT90oE-2cFGdOb2eRSoN_fBD4SRjWv86g?wli=m.mtVJNzbq2uY.loadSv.O%3A%3Bm.x5nk1qLq7fs.mapcore.O%3A%3B&cb=M, line 2391: Failed to create WebGL context: WebGL creation failed: 
* WebglAllowWindowsNativeGl:false restricts context creation on this system. ()
* Exhausted GL driver options. (FEATURE_FAILURE_WEBGL_EXHAUSTED_DRIVERS)
JavaScript warning: https://www.google.com/js/bg/SCta8LtUgwFLYZO17SojFFPkpUdru8Ts-V-5Fn_C8Ck.js, line 768: unreachable code after return statement
JavaScript warning: https://www.google.com/js/bg/SCta8LtUgwFLYZO17SojFFPkpUdru8Ts-V-5Fn_C8Ck.js, line 768: unreachable code after return statement
JavaScript warning: https://www.google.com/js/bg/SCta8LtUgwFLYZO17SojFFPkpUdru8Ts-V-5Fn_C8Ck.js, line 768: unreachable code after return statement
JavaScript warning: https://www.google.com/js/bg/SCta8LtUgwFLYZO17SojFFPkpUdru8Ts-V-5Fn_C8Ck.js, line 768: unreachable code after return statement
JavaScript warning: https://www.google.com/js/bg/SCta8LtUgwFLYZO17SojFFPkpUdru8Ts-V-5Fn_C8Ck.js, line 768: unreachable code after return statement
JavaScript warning: https://www.google.com/js/bg/SCta8LtUgwFLYZO17SojFFPkpUdru8Ts-V-5Fn_C8Ck.js, line 768: unreachable code after return statement
JavaScript warning: https://www.google.com/js/bg/SCta8LtUgwFLYZO17SojFFPkpUdru8Ts-V-5Fn_C8Ck.js, line 768: unreachable code after return statement
JavaScript warning: https://www.google.com/js/bg/SCta8LtUgwFLYZO17SojFFPkpUdru8Ts-V-5Fn_C8Ck.js line 2 > eval, line 768: unreachable code after return statement
JavaScript warning: https://www.google.com/js/bg/SCta8LtUgwFLYZO17SojFFPkpUdru8Ts-V-5Fn_C8Ck.js line 2 > eval, line 768: unreachable code after return statement
JavaScript warning: https://www.google.com/js/bg/SCta8LtUgwFLYZO17SojFFPkpUdru8Ts-V-5Fn_C8Ck.js line 2 > eval, line 768: unreachable code after return statement
JavaScript warning: https://www.google.com/js/bg/SCta8LtUgwFLYZO17SojFFPkpUdru8Ts-V-5Fn_C8Ck.js line 2 > eval, line 768: unreachable code after return statement
JavaScript warning: https://www.google.com/js/bg/SCta8LtUgwFLYZO17SojFFPkpUdru8Ts-V-5Fn_C8Ck.js line 2 > eval, line 1: unreachable code after return statement
JavaScript warning: https://www.google.com/js/bg/SCta8LtUgwFLYZO17SojFFPkpUdru8Ts-V-5Fn_C8Ck.js line 2 > eval line 768 > eval, line 1: unreachable code after return statement
JavaScript warning: https://www.google.com/js/bg/SCta8LtUgwFLYZO17SojFFPkpUdru8Ts-V-5Fn_C8Ck.js line 2 > eval, line 1: unreachable code after return statement
JavaScript warning: https://www.google.com/js/bg/SCta8LtUgwFLYZO17SojFFPkpUdru8Ts-V-5Fn_C8Ck.js line 2 > eval line 768 > eval, line 1: unreachable code after return statement
JavaScript warning: https://www.google.com/js/bg/SCta8LtUgwFLYZO17SojFFPkpUdru8Ts-V-5Fn_C8Ck.js line 2 > eval line 768 > eval, line 1: unreachable code after return statement
JavaScript warning: https://www.google.com/js/bg/SCta8LtUgwFLYZO17SojFFPkpUdru8Ts-V-5Fn_C8Ck.js line 2 > eval line 768 > eval line 1 > eval, line 1: unreachable code after return statement
JavaScript warning: https://www.google.com/js/bg/SCta8LtUgwFLYZO17SojFFPkpUdru8Ts-V-5Fn_C8Ck.js line 2 > eval line 768 > eval, line 1: unreachable code after return statement
JavaScript warning: https://www.google.com/js/bg/SCta8LtUgwFLYZO17SojFFPkpUdru8Ts-V-5Fn_C8Ck.js line 2 > eval line 768 > eval line 1 > eval, line 1: unreachable code after return statement
JavaScript warning: https://www.google.com/js/bg/SCta8LtUgwFLYZO17SojFFPkpUdru8Ts-V-5Fn_C8Ck.js line 2 > eval, line 768: unreachable code after return statement
JavaScript warning: https://www.google.com/js/bg/SCta8LtUgwFLYZO17SojFFPkpUdru8Ts-V-5Fn_C8Ck.js line 2 > eval, line 768: unreachable code after return statement
JavaScript warning: https://www.google.com/js/bg/SCta8LtUgwFLYZO17SojFFPkpUdru8Ts-V-5Fn_C8Ck.js line 2 > eval, line 768: unreachable code after return statement
JavaScript warning: https://www.google.com/js/bg/SCta8LtUgwFLYZO17SojFFPkpUdru8Ts-V-5Fn_C8Ck.js line 2 > eval line 768 > eval line 1 > eval, line 1: unreachable code after return statement
JavaScript warning: https://www.google.com/js/bg/SCta8LtUgwFLYZO17SojFFPkpUdru8Ts-V-5Fn_C8Ck.js line 2 > eval line 768 > eval line 1 > eval, line 1: unreachable code after return statement
JavaScript warning: https://www.google.com/js/bg/SCta8LtUgwFLYZO17SojFFPkpUdru8Ts-V-5Fn_C8Ck.js line 2 > eval line 768 > eval line 1 > eval, line 1: unreachable code after return statement
JavaScript warning: https://www.google.com/js/bg/SCta8LtUgwFLYZO17SojFFPkpUdru8Ts-V-5Fn_C8Ck.js line 2 > eval line 768 > eval line 1 > eval, line 1: unreachable code after return statement
JavaScript warning: https://www.google.com/js/bg/SCta8LtUgwFLYZO17SojFFPkpUdru8Ts-V-5Fn_C8Ck.js line 2 > eval line 768 > eval line 1 > eval line 1 > eval, line 1: unreachable code after return statement
JavaScript warning: https://www.google.com/js/bg/SCta8LtUgwFLYZO17SojFFPkpUdru8Ts-V-5Fn_C8Ck.js line 2 > eval line 768 > eval line 1 > eval line 1 > eval, line 1: unreachable code after return statement
JavaScript warning: https://www.google.com/js/bg/SCta8LtUgwFLYZO17SojFFPkpUdru8Ts-V-5Fn_C8Ck.js line 2 > eval line 768 > eval line 1 > eval line 1 > eval, line 1: unreachable code after return statement
JavaScript warning: https://www.google.com/js/bg/SCta8LtUgwFLYZO17SojFFPkpUdru8Ts-V-5Fn_C8Ck.js line 2 > eval line 768 > eval line 1 > eval line 1 > eval, line 1: unreachable code after return statement
JavaScript warning: https://www.google.com/maps/_/js/k=maps.m.ar.IkBlMbT2vy4.2021.O/m=sc2,per,mo,lp,ep,ti,stx,ds,dwi,enr,pwd,dw,ppl,log,std,b/am=5AIAEgEI/rt=j/d=1/rs=ACT90oE-2cFGdOb2eRSoN_fBD4SRjWv86g?wli=m.mtVJNzbq2uY.loadSv.O%3A%3Bm.x5nk1qLq7fs.mapcore.O%3A%3B&cb=M, line 2391: Failed to create WebGL context: WebGL creation failed: 
* WebglAllowWindowsNativeGl:false restricts context creation on this system. ()
* Exhausted GL driver options. (FEATURE_FAILURE_WEBGL_EXHAUSTED_DRIVERS)
JavaScript warning: https://www.google.com/maps/_/js/k=maps.m.ar.IkBlMbT2vy4.2021.O/m=sc2,per,mo,lp,ep,ti,stx,ds,dwi,enr,pwd,dw,ppl,log,std,b/am=5AIAEgEI/rt=j/d=1/rs=ACT90oE-2cFGdOb2eRSoN_fBD4SRjWv86g?wli=m.mtVJNzbq2uY.loadSv.O%3A%3Bm.x5nk1qLq7fs.mapcore.O%3A%3B&cb=M, line 2391: Failed to create WebGL context: WebGL creation failed: 
* WebglAllowWindowsNativeGl:false restricts context creation on this system. ()
* Exhausted GL driver options. (FEATURE_FAILURE_WEBGL_EXHAUSTED_DRIVERS)
JavaScript warning: https://www.google.com/maps/_/js/k=maps.m.ar.IkBlMbT2vy4.2021.O/m=sc2,per,mo,lp,ep,ti,stx,ds,dwi,enr,pwd,dw,ppl,log,std,b/am=5AIAEgEI/rt=j/d=1/rs=ACT90oE-2cFGdOb2eRSoN_fBD4SRjWv86g?wli=m.mtVJNzbq2uY.loadSv.O%3A%3Bm.x5nk1qLq7fs.mapcore.O%3A%3B&cb=M, line 2391: Failed to create WebGL context: WebGL creation failed: 
* WebglAllowWindowsNativeGl:false restricts context creation on this system. ()
* Exhausted GL driver options. (FEATURE_FAILURE_WEBGL_EXHAUSTED_DRIVERS)
JavaScript warning: https://www.google.com/maps/_/js/k=maps.m.ar.IkBlMbT2vy4.2021.O/m=sc2,per,mo,lp,ep,ti,stx,ds,dwi,enr,pwd,dw,ppl,log,std,b/am=5AIAEgEI/rt=j/d=1/rs=ACT90oE-2cFGdOb2eRSoN_fBD4SRjWv86g?wli=m.mtVJNzbq2uY.loadSv.O%3A%3Bm.x5nk1qLq7fs.mapcore.O%3A%3B&cb=M, line 2391: Failed to create WebGL context: WebGL creation failed: 
* WebglAllowWindowsNativeGl:false restricts context creation on this system. ()
* Exhausted GL driver options. (FEATURE_FAILURE_WEBGL_EXHAUSTED_DRIVERS)
JavaScript warning: https://www.google.com/js/bg/SCta8LtUgwFLYZO17SojFFPkpUdru8Ts-V-5Fn_C8Ck.js, line 7083: unreachable code after return statement
JavaScript warning: https://www.google.com/js/bg/SCta8LtUgwFLYZO17SojFFPkpUdru8Ts-V-5Fn_C8Ck.js, line 7083: unreachable code after return statement
JavaScript warning: https://www.google.com/js/bg/SCta8LtUgwFLYZO17SojFFPkpUdru8Ts-V-5Fn_C8Ck.js, line 7083: unreachable code after return statement
JavaScript warning: https://www.google.com/js/bg/SCta8LtUgwFLYZO17SojFFPkpUdru8Ts-V-5Fn_C8Ck.js, line 7083: unreachable code after return statement
JavaScript warning: https://www.google.com/js/bg/SCta8LtUgwFLYZO17SojFFPkpUdru8Ts-V-5Fn_C8Ck.js, line 7083: unreachable code after return statement
JavaScript warning: https://www.google.com/js/bg/SCta8LtUgwFLYZO17SojFFPkpUdru8Ts-V-5Fn_C8Ck.js, line 7083: unreachable code after return statement
JavaScript warning: https://www.google.com/js/bg/SCta8LtUgwFLYZO17SojFFPkpUdru8Ts-V-5Fn_C8Ck.js, line 7083: unreachable code after return statement
JavaScript warning: https://www.google.com/js/bg/SCta8LtUgwFLYZO17SojFFPkpUdru8Ts-V-5Fn_C8Ck.js line 2 > eval, line 7083: unreachable code after return statement
JavaScript warning: https://www.google.com/js/bg/SCta8LtUgwFLYZO17SojFFPkpUdru8Ts-V-5Fn_C8Ck.js line 2 > eval, line 7083: unreachable code after return statement
JavaScript warning: https://www.google.com/js/bg/SCta8LtUgwFLYZO17SojFFPkpUdru8Ts-V-5Fn_C8Ck.js line 2 > eval, line 7083: unreachable code after return statement
JavaScript warning: https://www.google.com/js/bg/SCta8LtUgwFLYZO17SojFFPkpUdru8Ts-V-5Fn_C8Ck.js line 2 > eval, line 7083: unreachable code after return statement
JavaScript warning: https://www.google.com/js/bg/SCta8LtUgwFLYZO17SojFFPkpUdru8Ts-V-5Fn_C8Ck.js line 2 > eval, line 1: unreachable code after return statement
JavaScript warning: https://www.google.com/js/bg/SCta8LtUgwFLYZO17SojFFPkpUdru8Ts-V-5Fn_C8Ck.js line 2 > eval line 7083 > eval, line 1: unreachable code after return statement
JavaScript warning: https://www.google.com/js/bg/SCta8LtUgwFLYZO17SojFFPkpUdru8Ts-V-5Fn_C8Ck.js line 2 > eval, line 1: unreachable code after return statement
JavaScript warning: https://www.google.com/js/bg/SCta8LtUgwFLYZO17SojFFPkpUdru8Ts-V-5Fn_C8Ck.js line 2 > eval line 7083 > eval, line 1: unreachable code after return statement
JavaScript warning: https://www.google.com/js/bg/SCta8LtUgwFLYZO17SojFFPkpUdru8Ts-V-5Fn_C8Ck.js line 2 > eval line 7083 > eval, line 1: unreachable code after return statement
JavaScript warning: https://www.google.com/js/bg/SCta8LtUgwFLYZO17SojFFPkpUdru8Ts-V-5Fn_C8Ck.js line 2 > eval line 7083 > eval line 1 > eval, line 1: unreachable code after return statement
JavaScript warning: https://www.google.com/js/bg/SCta8LtUgwFLYZO17SojFFPkpUdru8Ts-V-5Fn_C8Ck.js line 2 > eval line 7083 > eval, line 1: unreachable code after return statement
JavaScript warning: https://www.google.com/js/bg/SCta8LtUgwFLYZO17SojFFPkpUdru8Ts-V-5Fn_C8Ck.js line 2 > eval line 7083 > eval line 1 > eval, line 1: unreachable code after return statement
JavaScript warning: https://www.google.com/js/bg/SCta8LtUgwFLYZO17SojFFPkpUdru8Ts-V-5Fn_C8Ck.js line 2 > eval, line 7083: unreachable code after return statement
JavaScript warning: https://www.google.com/js/bg/SCta8LtUgwFLYZO17SojFFPkpUdru8Ts-V-5Fn_C8Ck.js line 2 > eval, line 7083: unreachable code after return statement
JavaScript warning: https://www.google.com/js/bg/SCta8LtUgwFLYZO17SojFFPkpUdru8Ts-V-5Fn_C8Ck.js line 2 > eval, line 7083: unreachable code after return statement
JavaScript warning: https://www.google.com/js/bg/SCta8LtUgwFLYZO17SojFFPkpUdru8Ts-V-5Fn_C8Ck.js line 2 > eval line 7083 > eval line 1 > eval, line 1: unreachable code after return statement
JavaScript warning: https://www.google.com/js/bg/SCta8LtUgwFLYZO17SojFFPkpUdru8Ts-V-5Fn_C8Ck.js line 2 > eval line 7083 > eval line 1 > eval, line 1: unreachable code after return statement
JavaScript warning: https://www.google.com/js/bg/SCta8LtUgwFLYZO17SojFFPkpUdru8Ts-V-5Fn_C8Ck.js line 2 > eval line 7083 > eval line 1 > eval, line 1: unreachable code after return statement
JavaScript warning: https://www.google.com/js/bg/SCta8LtUgwFLYZO17SojFFPkpUdru8Ts-V-5Fn_C8Ck.js line 2 > eval line 7083 > eval line 1 > eval, line 1: unreachable code after return statement
JavaScript warning: https://www.google.com/js/bg/SCta8LtUgwFLYZO17SojFFPkpUdru8Ts-V-5Fn_C8Ck.js line 2 > eval line 7083 > eval line 1 > eval line 1 > eval, line 1: unreachable code after return statement
JavaScript warning: https://www.google.com/js/bg/SCta8LtUgwFLYZO17SojFFPkpUdru8Ts-V-5Fn_C8Ck.js line 2 > eval line 7083 > eval line 1 > eval line 1 > eval, line 1: unreachable code after return statement
JavaScript warning: https://www.google.com/js/bg/SCta8LtUgwFLYZO17SojFFPkpUdru8Ts-V-5Fn_C8Ck.js line 2 > eval line 7083 > eval line 1 > eval line 1 > eval, line 1: unreachable code after return statement
JavaScript warning: https://www.google.com/js/bg/SCta8LtUgwFLYZO17SojFFPkpUdru8Ts-V-5Fn_C8Ck.js line 2 > eval line 7083 > eval line 1 > eval line 1 > eval, line 1: unreachable code after return statement
JavaScript warning: https://www.google.com/maps/_/js/k=maps.m.ar.IkBlMbT2vy4.2021.O/m=sc2,per,mo,lp,ep,ti,stx,ds,dwi,enr,pwd,dw,ppl,log,std,b/am=5AIAEgEI/rt=j/d=1/rs=ACT90oE-2cFGdOb2eRSoN_fBD4SRjWv86g?wli=m.mtVJNzbq2uY.loadSv.O%3A%3Bm.x5nk1qLq7fs.mapcore.O%3A%3B&cb=M, line 2391: Failed to create WebGL context: WebGL creation failed: 
* WebglAllowWindowsNativeGl:false restricts context creation on this system. ()
* Exhausted GL driver options. (FEATURE_FAILURE_WEBGL_EXHAUSTED_DRIVERS)
JavaScript warning: https://www.google.com/maps/_/js/k=maps.m.ar.IkBlMbT2vy4.2021.O/m=sc2,per,mo,lp,ep,ti,stx,ds,dwi,enr,pwd,dw,ppl,log,std,b/am=5AIAEgEI/rt=j/d=1/rs=ACT90oE-2cFGdOb2eRSoN_fBD4SRjWv86g?wli=m.mtVJNzbq2uY.loadSv.O%3A%3Bm.x5nk1qLq7fs.mapcore.O%3A%3B&cb=M, line 2391: Failed to create WebGL context: WebGL creation failed: 
* WebglAllowWindowsNativeGl:false restricts context creation on this system. ()
* Exhausted GL driver options. (FEATURE_FAILURE_WEBGL_EXHAUSTED_DRIVERS)
JavaScript warning: https://www.google.com/maps/_/js/k=maps.m.ar.IkBlMbT2vy4.2021.O/m=sc2,per,mo,lp,ep,ti,stx,ds,dwi,enr,pwd,dw,ppl,log,std,b/am=5AIAEgEI/rt=j/d=1/rs=ACT90oE-2cFGdOb2eRSoN_fBD4SRjWv86g?wli=m.mtVJNzbq2uY.loadSv.O%3A%3Bm.x5nk1qLq7fs.mapcore.O%3A%3B&cb=M, line 2391: Failed to create WebGL context: WebGL creation failed: 
* WebglAllowWindowsNativeGl:false restricts context creation on this system. ()
* Exhausted GL driver options. (FEATURE_FAILURE_WEBGL_EXHAUSTED_DRIVERS)
JavaScript warning: https://www.google.com/maps/_/js/k=maps.m.ar.IkBlMbT2vy4.2021.O/m=sc2,per,mo,lp,ep,ti,stx,ds,dwi,enr,pwd,dw,ppl,log,std,b/am=5AIAEgEI/rt=j/d=1/rs=ACT90oE-2cFGdOb2eRSoN_fBD4SRjWv86g?wli=m.mtVJNzbq2uY.loadSv.O%3A%3Bm.x5nk1qLq7fs.mapcore.O%3A%3B&cb=M, line 2391: Failed to create WebGL context: WebGL creation failed: 
* WebglAllowWindowsNativeGl:false restricts context creation on this system. ()
* Exhausted GL driver options. (FEATURE_FAILURE_WEBGL_EXHAUSTED_DRIVERS)
JavaScript warning: https://www.google.com/js/bg/SCta8LtUgwFLYZO17SojFFPkpUdru8Ts-V-5Fn_C8Ck.js, line 7638: unreachable code after return statement
JavaScript warning: https://www.google.com/js/bg/SCta8LtUgwFLYZO17SojFFPkpUdru8Ts-V-5Fn_C8Ck.js, line 7638: unreachable code after return statement
JavaScript warning: https://www.google.com/js/bg/SCta8LtUgwFLYZO17SojFFPkpUdru8Ts-V-5Fn_C8Ck.js, line 7638: unreachable code after return statement
JavaScript warning: https://www.google.com/js/bg/SCta8LtUgwFLYZO17SojFFPkpUdru8Ts-V-5Fn_C8Ck.js, line 7638: unreachable code after return statement
JavaScript warning: https://www.google.com/js/bg/SCta8LtUgwFLYZO17SojFFPkpUdru8Ts-V-5Fn_C8Ck.js, line 7638: unreachable code after return statement
JavaScript warning: https://www.google.com/js/bg/SCta8LtUgwFLYZO17SojFFPkpUdru8Ts-V-5Fn_C8Ck.js, line 7638: unreachable code after return statement
JavaScript warning: https://www.google.com/js/bg/SCta8LtUgwFLYZO17SojFFPkpUdru8Ts-V-5Fn_C8Ck.js, line 7638: unreachable code after return statement
JavaScript warning: https://www.google.com/js/bg/SCta8LtUgwFLYZO17SojFFPkpUdru8Ts-V-5Fn_C8Ck.js line 2 > eval, line 7638: unreachable code after return statement
JavaScript warning: https://www.google.com/js/bg/SCta8LtUgwFLYZO17SojFFPkpUdru8Ts-V-5Fn_C8Ck.js line 2 > eval, line 7638: unreachable code after return statement
JavaScript warning: https://www.google.com/js/bg/SCta8LtUgwFLYZO17SojFFPkpUdru8Ts-V-5Fn_C8Ck.js line 2 > eval, line 7638: unreachable code after return statement
JavaScript warning: https://www.google.com/js/bg/SCta8LtUgwFLYZO17SojFFPkpUdru8Ts-V-5Fn_C8Ck.js line 2 > eval, line 7638: unreachable code after return statement
JavaScript warning: https://www.google.com/js/bg/SCta8LtUgwFLYZO17SojFFPkpUdru8Ts-V-5Fn_C8Ck.js line 2 > eval, line 1: unreachable code after return statement
JavaScript warning: https://www.google.com/js/bg/SCta8LtUgwFLYZO17SojFFPkpUdru8Ts-V-5Fn_C8Ck.js line 2 > eval line 7638 > eval, line 1: unreachable code after return statement
JavaScript warning: https://www.google.com/js/bg/SCta8LtUgwFLYZO17SojFFPkpUdru8Ts-V-5Fn_C8Ck.js line 2 > eval, line 1: unreachable code after return statement
JavaScript warning: https://www.google.com/js/bg/SCta8LtUgwFLYZO17SojFFPkpUdru8Ts-V-5Fn_C8Ck.js line 2 > eval line 7638 > eval, line 1: unreachable code after return statement
JavaScript warning: https://www.google.com/js/bg/SCta8LtUgwFLYZO17SojFFPkpUdru8Ts-V-5Fn_C8Ck.js line 2 > eval line 7638 > eval, line 1: unreachable code after return statement
JavaScript warning: https://www.google.com/js/bg/SCta8LtUgwFLYZO17SojFFPkpUdru8Ts-V-5Fn_C8Ck.js line 2 > eval line 7638 > eval line 1 > eval, line 1: unreachable code after return statement
JavaScript warning: https://www.google.com/js/bg/SCta8LtUgwFLYZO17SojFFPkpUdru8Ts-V-5Fn_C8Ck.js line 2 > eval line 7638 > eval, line 1: unreachable code after return statement
JavaScript warning: https://www.google.com/js/bg/SCta8LtUgwFLYZO17SojFFPkpUdru8Ts-V-5Fn_C8Ck.js line 2 > eval line 7638 > eval line 1 > eval, line 1: unreachable code after return statement
JavaScript warning: https://www.google.com/js/bg/SCta8LtUgwFLYZO17SojFFPkpUdru8Ts-V-5Fn_C8Ck.js line 2 > eval, line 7638: unreachable code after return statement
JavaScript warning: https://www.google.com/js/bg/SCta8LtUgwFLYZO17SojFFPkpUdru8Ts-V-5Fn_C8Ck.js line 2 > eval, line 7638: unreachable code after return statement
JavaScript warning: https://www.google.com/js/bg/SCta8LtUgwFLYZO17SojFFPkpUdru8Ts-V-5Fn_C8Ck.js line 2 > eval, line 7638: unreachable code after return statement
JavaScript warning: https://www.google.com/js/bg/SCta8LtUgwFLYZO17SojFFPkpUdru8Ts-V-5Fn_C8Ck.js line 2 > eval line 7638 > eval line 1 > eval, line 1: unreachable code after return statement
JavaScript warning: https://www.google.com/js/bg/SCta8LtUgwFLYZO17SojFFPkpUdru8Ts-V-5Fn_C8Ck.js line 2 > eval line 7638 > eval line 1 > eval, line 1: unreachable code after return statement
JavaScript warning: https://www.google.com/js/bg/SCta8LtUgwFLYZO17SojFFPkpUdru8Ts-V-5Fn_C8Ck.js line 2 > eval line 7638 > eval line 1 > eval, line 1: unreachable code after return statement
JavaScript warning: https://www.google.com/js/bg/SCta8LtUgwFLYZO17SojFFPkpUdru8Ts-V-5Fn_C8Ck.js line 2 > eval line 7638 > eval line 1 > eval, line 1: unreachable code after return statement
JavaScript warning: https://www.google.com/js/bg/SCta8LtUgwFLYZO17SojFFPkpUdru8Ts-V-5Fn_C8Ck.js line 2 > eval line 7638 > eval line 1 > eval line 1 > eval, line 1: unreachable code after return statement
JavaScript warning: https://www.google.com/js/bg/SCta8LtUgwFLYZO17SojFFPkpUdru8Ts-V-5Fn_C8Ck.js line 2 > eval line 7638 > eval line 1 > eval line 1 > eval, line 1: unreachable code after return statement
JavaScript warning: https://www.google.com/js/bg/SCta8LtUgwFLYZO17SojFFPkpUdru8Ts-V-5Fn_C8Ck.js line 2 > eval line 7638 > eval line 1 > eval line 1 > eval, line 1: unreachable code after return statement
JavaScript warning: https://www.google.com/js/bg/SCta8LtUgwFLYZO17SojFFPkpUdru8Ts-V-5Fn_C8Ck.js line 2 > eval line 7638 > eval line 1 > eval line 1 > eval, line 1: unreachable code after return statement
JavaScript warning: https://www.google.com/maps/_/js/k=maps.m.ar.IkBlMbT2vy4.2021.O/m=sc2,per,mo,lp,ep,ti,stx,ds,dwi,enr,pwd,dw,ppl,log,std,b/am=5AIAEgEI/rt=j/d=1/rs=ACT90oE-2cFGdOb2eRSoN_fBD4SRjWv86g?wli=m.mtVJNzbq2uY.loadSv.O%3A%3Bm.x5nk1qLq7fs.mapcore.O%3A%3B&cb=M, line 2391: Failed to create WebGL context: WebGL creation failed: 
* WebglAllowWindowsNativeGl:false restricts context creation on this system. ()
* Exhausted GL driver options. (FEATURE_FAILURE_WEBGL_EXHAUSTED_DRIVERS)
JavaScript warning: https://www.google.com/maps/_/js/k=maps.m.ar.IkBlMbT2vy4.2021.O/m=sc2,per,mo,lp,ep,ti,stx,ds,dwi,enr,pwd,dw,ppl,log,std,b/am=5AIAEgEI/rt=j/d=1/rs=ACT90oE-2cFGdOb2eRSoN_fBD4SRjWv86g?wli=m.mtVJNzbq2uY.loadSv.O%3A%3Bm.x5nk1qLq7fs.mapcore.O%3A%3B&cb=M, line 2391: Failed to create WebGL context: WebGL creation failed: 
* WebglAllowWindowsNativeGl:false restricts context creation on this system. ()
* Exhausted GL driver options. (FEATURE_FAILURE_WEBGL_EXHAUSTED_DRIVERS)
JavaScript warning: https://www.google.com/maps/_/js/k=maps.m.ar.IkBlMbT2vy4.2021.O/m=sc2,per,mo,lp,ep,ti,stx,ds,dwi,enr,pwd,dw,ppl,log,std,b/am=5AIAEgEI/rt=j/d=1/rs=ACT90oE-2cFGdOb2eRSoN_fBD4SRjWv86g?wli=m.mtVJNzbq2uY.loadSv.O%3A%3Bm.x5nk1qLq7fs.mapcore.O%3A%3B&cb=M, line 2391: Failed to create WebGL context: WebGL creation failed: 
* WebglAllowWindowsNativeGl:false restricts context creation on this system. ()
* Exhausted GL driver options. (FEATURE_FAILURE_WEBGL_EXHAUSTED_DRIVERS)
JavaScript warning: https://www.google.com/maps/_/js/k=maps.m.ar.IkBlMbT2vy4.2021.O/m=sc2,per,mo,lp,ep,ti,stx,ds,dwi,enr,pwd,dw,ppl,log,std,b/am=5AIAEgEI/rt=j/d=1/rs=ACT90oE-2cFGdOb2eRSoN_fBD4SRjWv86g?wli=m.mtVJNzbq2uY.loadSv.O%3A%3Bm.x5nk1qLq7fs.mapcore.O%3A%3B&cb=M, line 2391: Failed to create WebGL context: WebGL creation failed: 
* WebglAllowWindowsNativeGl:false restricts context creation on this system. ()
* Exhausted GL driver options. (FEATURE_FAILURE_WEBGL_EXHAUSTED_DRIVERS)
JavaScript warning: https://www.google.com/js/bg/SCta8LtUgwFLYZO17SojFFPkpUdru8Ts-V-5Fn_C8Ck.js, line 1074: unreachable code after return statement
JavaScript warning: https://www.google.com/js/bg/SCta8LtUgwFLYZO17SojFFPkpUdru8Ts-V-5Fn_C8Ck.js, line 1074: unreachable code after return statement
JavaScript warning: https://www.google.com/js/bg/SCta8LtUgwFLYZO17SojFFPkpUdru8Ts-V-5Fn_C8Ck.js, line 1074: unreachable code after return statement
JavaScript warning: https://www.google.com/js/bg/SCta8LtUgwFLYZO17SojFFPkpUdru8Ts-V-5Fn_C8Ck.js, line 1074: unreachable code after return statement
JavaScript warning: https://www.google.com/js/bg/SCta8LtUgwFLYZO17SojFFPkpUdru8Ts-V-5Fn_C8Ck.js, line 1074: unreachable code after return statement
JavaScript warning: https://www.google.com/js/bg/SCta8LtUgwFLYZO17SojFFPkpUdru8Ts-V-5Fn_C8Ck.js, line 1074: unreachable code after return statement
JavaScript warning: https://www.google.com/js/bg/SCta8LtUgwFLYZO17SojFFPkpUdru8Ts-V-5Fn_C8Ck.js, line 1074: unreachable code after return statement
JavaScript warning: https://www.google.com/js/bg/SCta8LtUgwFLYZO17SojFFPkpUdru8Ts-V-5Fn_C8Ck.js line 2 > eval, line 1074: unreachable code after return statement
JavaScript warning: https://www.google.com/js/bg/SCta8LtUgwFLYZO17SojFFPkpUdru8Ts-V-5Fn_C8Ck.js line 2 > eval, line 1074: unreachable code after return statement
JavaScript warning: https://www.google.com/js/bg/SCta8LtUgwFLYZO17SojFFPkpUdru8Ts-V-5Fn_C8Ck.js line 2 > eval, line 1074: unreachable code after return statement
JavaScript warning: https://www.google.com/js/bg/SCta8LtUgwFLYZO17SojFFPkpUdru8Ts-V-5Fn_C8Ck.js line 2 > eval, line 1074: unreachable code after return statement
JavaScript warning: https://www.google.com/js/bg/SCta8LtUgwFLYZO17SojFFPkpUdru8Ts-V-5Fn_C8Ck.js line 2 > eval, line 1: unreachable code after return statement
JavaScript warning: https://www.google.com/js/bg/SCta8LtUgwFLYZO17SojFFPkpUdru8Ts-V-5Fn_C8Ck.js line 2 > eval line 1074 > eval, line 1: unreachable code after return statement
JavaScript warning: https://www.google.com/js/bg/SCta8LtUgwFLYZO17SojFFPkpUdru8Ts-V-5Fn_C8Ck.js line 2 > eval, line 1: unreachable code after return statement
JavaScript warning: https://www.google.com/js/bg/SCta8LtUgwFLYZO17SojFFPkpUdru8Ts-V-5Fn_C8Ck.js line 2 > eval line 1074 > eval, line 1: unreachable code after return statement
JavaScript warning: https://www.google.com/js/bg/SCta8LtUgwFLYZO17SojFFPkpUdru8Ts-V-5Fn_C8Ck.js line 2 > eval, line 1: unreachable code after return statement
JavaScript warning: https://www.google.com/js/bg/SCta8LtUgwFLYZO17SojFFPkpUdru8Ts-V-5Fn_C8Ck.js line 2 > eval line 1074 > eval, line 1: unreachable code after return statement
JavaScript warning: https://www.google.com/js/bg/SCta8LtUgwFLYZO17SojFFPkpUdru8Ts-V-5Fn_C8Ck.js line 2 > eval line 1074 > eval, line 1: unreachable code after return statement
JavaScript warning: https://www.google.com/js/bg/SCta8LtUgwFLYZO17SojFFPkpUdru8Ts-V-5Fn_C8Ck.js line 2 > eval line 1074 > eval line 1 > eval, line 1: unreachable code after return statement
JavaScript warning: https://www.google.com/js/bg/SCta8LtUgwFLYZO17SojFFPkpUdru8Ts-V-5Fn_C8Ck.js line 2 > eval, line 1074: unreachable code after return statement
JavaScript warning: https://www.google.com/js/bg/SCta8LtUgwFLYZO17SojFFPkpUdru8Ts-V-5Fn_C8Ck.js line 2 > eval, line 1074: unreachable code after return statement
JavaScript warning: https://www.google.com/js/bg/SCta8LtUgwFLYZO17SojFFPkpUdru8Ts-V-5Fn_C8Ck.js line 2 > eval, line 1074: unreachable code after return statement
JavaScript warning: https://www.google.com/js/bg/SCta8LtUgwFLYZO17SojFFPkpUdru8Ts-V-5Fn_C8Ck.js line 2 > eval line 1074 > eval line 1 > eval, line 1: unreachable code after return statement
JavaScript warning: https://www.google.com/js/bg/SCta8LtUgwFLYZO17SojFFPkpUdru8Ts-V-5Fn_C8Ck.js line 2 > eval line 1074 > eval line 1 > eval, line 1: unreachable code after return statement
JavaScript warning: https://www.google.com/js/bg/SCta8LtUgwFLYZO17SojFFPkpUdru8Ts-V-5Fn_C8Ck.js line 2 > eval line 1074 > eval line 1 > eval, line 1: unreachable code after return statement
JavaScript warning: https://www.google.com/js/bg/SCta8LtUgwFLYZO17SojFFPkpUdru8Ts-V-5Fn_C8Ck.js line 2 > eval line 1074 > eval line 1 > eval, line 1: unreachable code after return statement
JavaScript warning: https://www.google.com/js/bg/SCta8LtUgwFLYZO17SojFFPkpUdru8Ts-V-5Fn_C8Ck.js line 2 > eval line 1074 > eval line 1 > eval line 1 > eval, line 1: unreachable code after return statement
JavaScript warning: https://www.google.com/js/bg/SCta8LtUgwFLYZO17SojFFPkpUdru8Ts-V-5Fn_C8Ck.js line 2 > eval line 1074 > eval line 1 > eval line 1 > eval, line 1: unreachable code after return statement
JavaScript warning: https://www.google.com/js/bg/SCta8LtUgwFLYZO17SojFFPkpUdru8Ts-V-5Fn_C8Ck.js line 2 > eval line 1074 > eval line 1 > eval line 1 > eval, line 1: unreachable code after return statement
JavaScript warning: https://www.google.com/js/bg/SCta8LtUgwFLYZO17SojFFPkpUdru8Ts-V-5Fn_C8Ck.js line 2 > eval line 1074 > eval line 1 > eval line 1 > eval, line 1: unreachable code after return statement
JavaScript warning: https://www.google.com/maps/_/js/k=maps.m.ar.IkBlMbT2vy4.2021.O/m=sc2,per,mo,lp,ep,ti,stx,ds,dwi,enr,pwd,dw,ppl,log,std,b/am=5AIAEgEI/rt=j/d=1/rs=ACT90oE-2cFGdOb2eRSoN_fBD4SRjWv86g?wli=m.mtVJNzbq2uY.loadSv.O%3A%3Bm.x5nk1qLq7fs.mapcore.O%3A%3B&cb=M, line 2391: Failed to create WebGL context: WebGL creation failed: 
* WebglAllowWindowsNativeGl:false restricts context creation on this system. ()
* Exhausted GL driver options. (FEATURE_FAILURE_WEBGL_EXHAUSTED_DRIVERS)
JavaScript warning: https://www.google.com/maps/_/js/k=maps.m.ar.IkBlMbT2vy4.2021.O/m=sc2,per,mo,lp,ep,ti,stx,ds,dwi,enr,pwd,dw,ppl,log,std,b/am=5AIAEgEI/rt=j/d=1/rs=ACT90oE-2cFGdOb2eRSoN_fBD4SRjWv86g?wli=m.mtVJNzbq2uY.loadSv.O%3A%3Bm.x5nk1qLq7fs.mapcore.O%3A%3B&cb=M, line 2391: Failed to create WebGL context: WebGL creation failed: 
* WebglAllowWindowsNativeGl:false restricts context creation on this system. ()
* Exhausted GL driver options. (FEATURE_FAILURE_WEBGL_EXHAUSTED_DRIVERS)
JavaScript warning: https://www.google.com/maps/_/js/k=maps.m.ar.IkBlMbT2vy4.2021.O/m=sc2,per,mo,lp,ep,ti,stx,ds,dwi,enr,pwd,dw,ppl,log,std,b/am=5AIAEgEI/rt=j/d=1/rs=ACT90oE-2cFGdOb2eRSoN_fBD4SRjWv86g?wli=m.mtVJNzbq2uY.loadSv.O%3A%3Bm.x5nk1qLq7fs.mapcore.O%3A%3B&cb=M, line 2391: Failed to create WebGL context: WebGL creation failed: 
* WebglAllowWindowsNativeGl:false restricts context creation on this system. ()
* Exhausted GL driver options. (FEATURE_FAILURE_WEBGL_EXHAUSTED_DRIVERS)
JavaScript warning: https://www.google.com/maps/_/js/k=maps.m.ar.IkBlMbT2vy4.2021.O/m=sc2,per,mo,lp,ep,ti,stx,ds,dwi,enr,pwd,dw,ppl,log,std,b/am=5AIAEgEI/rt=j/d=1/rs=ACT90oE-2cFGdOb2eRSoN_fBD4SRjWv86g?wli=m.mtVJNzbq2uY.loadSv.O%3A%3Bm.x5nk1qLq7fs.mapcore.O%3A%3B&cb=M, line 2391: Failed to create WebGL context: WebGL creation failed: 
* WebglAllowWindowsNativeGl:false restricts context creation on this system. ()
* Exhausted GL driver options. (FEATURE_FAILURE_WEBGL_EXHAUSTED_DRIVERS)
JavaScript warning: https://www.google.com/maps/_/js/k=maps.m.ar.IkBlMbT2vy4.2021.O/m=sc2,per,mo,lp,ep,ti,stx,ds,dwi,enr,pwd,dw,ppl,log,std,b/am=5AIAEgEI/rt=j/d=1/rs=ACT90oE-2cFGdOb2eRSoN_fBD4SRjWv86g?wli=m.mtVJNzbq2uY.loadSv.O%3A%3Bm.x5nk1qLq7fs.mapcore.O%3A%3B&cb=M, line 2391: Failed to create WebGL context: WebGL creation failed: 
* WebglAllowWindowsNativeGl:false restricts context creation on this system. ()
* Exhausted GL driver options. (FEATURE_FAILURE_WEBGL_EXHAUSTED_DRIVERS)
JavaScript warning: https://www.google.com/maps/_/js/k=maps.m.ar.IkBlMbT2vy4.2021.O/m=sc2,per,mo,lp,ep,ti,stx,ds,dwi,enr,pwd,dw,ppl,log,std,b/am=5AIAEgEI/rt=j/d=1/rs=ACT90oE-2cFGdOb2eRSoN_fBD4SRjWv86g?wli=m.mtVJNzbq2uY.loadSv.O%3A%3Bm.x5nk1qLq7fs.mapcore.O%3A%3B&cb=M, line 2391: Failed to create WebGL context: WebGL creation failed: 
* WebglAllowWindowsNativeGl:false restricts context creation on this system. ()
* Exhausted GL driver options. (FEATURE_FAILURE_WEBGL_EXHAUSTED_DRIVERS)
JavaScript warning: https://www.google.com/maps/_/js/k=maps.m.ar.IkBlMbT2vy4.2021.O/m=sc2,per,mo,lp,ep,ti,stx,ds,dwi,enr,pwd,dw,ppl,log,std,b/am=5AIAEgEI/rt=j/d=1/rs=ACT90oE-2cFGdOb2eRSoN_fBD4SRjWv86g?wli=m.mtVJNzbq2uY.loadSv.O%3A%3Bm.x5nk1qLq7fs.mapcore.O%3A%3B&cb=M, line 2391: Failed to create WebGL context: WebGL creation failed: 
* WebglAllowWindowsNativeGl:false restricts context creation on this system. ()
* Exhausted GL driver options. (FEATURE_FAILURE_WEBGL_EXHAUSTED_DRIVERS)
JavaScript warning: https://www.google.com/maps/_/js/k=maps.m.ar.IkBlMbT2vy4.2021.O/m=sc2,per,mo,lp,ep,ti,stx,ds,dwi,enr,pwd,dw,ppl,log,std,b/am=5AIAEgEI/rt=j/d=1/rs=ACT90oE-2cFGdOb2eRSoN_fBD4SRjWv86g?wli=m.mtVJNzbq2uY.loadSv.O%3A%3Bm.x5nk1qLq7fs.mapcore.O%3A%3B&cb=M, line 2391: Failed to create WebGL context: WebGL creation failed: 
* WebglAllowWindowsNativeGl:false restricts context creation on this system. ()
* Exhausted GL driver options. (FEATURE_FAILURE_WEBGL_EXHAUSTED_DRIVERS)
JavaScript warning: https://www.google.com/js/bg/SCta8LtUgwFLYZO17SojFFPkpUdru8Ts-V-5Fn_C8Ck.js, line 3201: unreachable code after return statement
JavaScript warning: https://www.google.com/js/bg/SCta8LtUgwFLYZO17SojFFPkpUdru8Ts-V-5Fn_C8Ck.js, line 3201: unreachable code after return statement
JavaScript warning: https://www.google.com/js/bg/SCta8LtUgwFLYZO17SojFFPkpUdru8Ts-V-5Fn_C8Ck.js, line 3201: unreachable code after return statement
JavaScript warning: https://www.google.com/js/bg/SCta8LtUgwFLYZO17SojFFPkpUdru8Ts-V-5Fn_C8Ck.js, line 3201: unreachable code after return statement
JavaScript warning: https://www.google.com/js/bg/SCta8LtUgwFLYZO17SojFFPkpUdru8Ts-V-5Fn_C8Ck.js, line 3201: unreachable code after return statement
JavaScript warning: https://www.google.com/js/bg/SCta8LtUgwFLYZO17SojFFPkpUdru8Ts-V-5Fn_C8Ck.js, line 3201: unreachable code after return statement
JavaScript warning: https://www.google.com/js/bg/SCta8LtUgwFLYZO17SojFFPkpUdru8Ts-V-5Fn_C8Ck.js, line 3201: unreachable code after return statement
JavaScript warning: https://www.google.com/js/bg/SCta8LtUgwFLYZO17SojFFPkpUdru8Ts-V-5Fn_C8Ck.js line 2 > eval, line 3201: unreachable code after return statement
JavaScript warning: https://www.google.com/js/bg/SCta8LtUgwFLYZO17SojFFPkpUdru8Ts-V-5Fn_C8Ck.js line 2 > eval, line 3201: unreachable code after return statement
JavaScript warning: https://www.google.com/js/bg/SCta8LtUgwFLYZO17SojFFPkpUdru8Ts-V-5Fn_C8Ck.js line 2 > eval, line 3201: unreachable code after return statement
JavaScript warning: https://www.google.com/js/bg/SCta8LtUgwFLYZO17SojFFPkpUdru8Ts-V-5Fn_C8Ck.js line 2 > eval, line 3201: unreachable code after return statement
JavaScript warning: https://www.google.com/js/bg/SCta8LtUgwFLYZO17SojFFPkpUdru8Ts-V-5Fn_C8Ck.js line 2 > eval, line 1: unreachable code after return statement
JavaScript warning: https://www.google.com/js/bg/SCta8LtUgwFLYZO17SojFFPkpUdru8Ts-V-5Fn_C8Ck.js line 2 > eval line 3201 > eval, line 1: unreachable code after return statement
JavaScript warning: https://www.google.com/js/bg/SCta8LtUgwFLYZO17SojFFPkpUdru8Ts-V-5Fn_C8Ck.js line 2 > eval, line 1: unreachable code after return statement
JavaScript warning: https://www.google.com/js/bg/SCta8LtUgwFLYZO17SojFFPkpUdru8Ts-V-5Fn_C8Ck.js line 2 > eval line 3201 > eval, line 1: unreachable code after return statement
JavaScript warning: https://www.google.com/js/bg/SCta8LtUgwFLYZO17SojFFPkpUdru8Ts-V-5Fn_C8Ck.js line 2 > eval, line 1: unreachable code after return statement
JavaScript warning: https://www.google.com/js/bg/SCta8LtUgwFLYZO17SojFFPkpUdru8Ts-V-5Fn_C8Ck.js line 2 > eval line 3201 > eval, line 1: unreachable code after return statement
JavaScript warning: https://www.google.com/js/bg/SCta8LtUgwFLYZO17SojFFPkpUdru8Ts-V-5Fn_C8Ck.js line 2 > eval line 3201 > eval, line 1: unreachable code after return statement
JavaScript warning: https://www.google.com/js/bg/SCta8LtUgwFLYZO17SojFFPkpUdru8Ts-V-5Fn_C8Ck.js line 2 > eval line 3201 > eval line 1 > eval, line 1: unreachable code after return statement
JavaScript warning: https://www.google.com/js/bg/SCta8LtUgwFLYZO17SojFFPkpUdru8Ts-V-5Fn_C8Ck.js line 2 > eval, line 3201: unreachable code after return statement
JavaScript warning: https://www.google.com/js/bg/SCta8LtUgwFLYZO17SojFFPkpUdru8Ts-V-5Fn_C8Ck.js line 2 > eval, line 3201: unreachable code after return statement
JavaScript warning: https://www.google.com/js/bg/SCta8LtUgwFLYZO17SojFFPkpUdru8Ts-V-5Fn_C8Ck.js line 2 > eval, line 3201: unreachable code after return statement
JavaScript warning: https://www.google.com/js/bg/SCta8LtUgwFLYZO17SojFFPkpUdru8Ts-V-5Fn_C8Ck.js line 2 > eval line 3201 > eval line 1 > eval, line 1: unreachable code after return statement
JavaScript warning: https://www.google.com/js/bg/SCta8LtUgwFLYZO17SojFFPkpUdru8Ts-V-5Fn_C8Ck.js line 2 > eval line 3201 > eval line 1 > eval, line 1: unreachable code after return statement
JavaScript warning: https://www.google.com/js/bg/SCta8LtUgwFLYZO17SojFFPkpUdru8Ts-V-5Fn_C8Ck.js line 2 > eval line 3201 > eval line 1 > eval, line 1: unreachable code after return statement
JavaScript warning: https://www.google.com/js/bg/SCta8LtUgwFLYZO17SojFFPkpUdru8Ts-V-5Fn_C8Ck.js line 2 > eval line 3201 > eval line 1 > eval, line 1: unreachable code after return statement
JavaScript warning: https://www.google.com/js/bg/SCta8LtUgwFLYZO17SojFFPkpUdru8Ts-V-5Fn_C8Ck.js line 2 > eval line 3201 > eval line 1 > eval line 1 > eval, line 1: unreachable code after return statement
JavaScript warning: https://www.google.com/js/bg/SCta8LtUgwFLYZO17SojFFPkpUdru8Ts-V-5Fn_C8Ck.js line 2 > eval line 3201 > eval line 1 > eval line 1 > eval, line 1: unreachable code after return statement
JavaScript warning: https://www.google.com/js/bg/SCta8LtUgwFLYZO17SojFFPkpUdru8Ts-V-5Fn_C8Ck.js line 2 > eval line 3201 > eval line 1 > eval line 1 > eval, line 1: unreachable code after return statement
JavaScript warning: https://www.google.com/js/bg/SCta8LtUgwFLYZO17SojFFPkpUdru8Ts-V-5Fn_C8Ck.js line 2 > eval line 3201 > eval line 1 > eval line 1 > eval, line 1: unreachable code after return statement
JavaScript warning: https://www.google.com/maps/_/js/k=maps.m.ar.IkBlMbT2vy4.2021.O/m=sc2,per,mo,lp,ep,ti,stx,ds,dwi,enr,pwd,dw,ppl,log,std,b/am=5AIAEgEI/rt=j/d=1/rs=ACT90oE-2cFGdOb2eRSoN_fBD4SRjWv86g?wli=m.mtVJNzbq2uY.loadSv.O%3A%3Bm.x5nk1qLq7fs.mapcore.O%3A%3B&cb=M, line 2391: Failed to create WebGL context: WebGL creation failed: 
* WebglAllowWindowsNativeGl:false restricts context creation on this system. ()
* Exhausted GL driver options. (FEATURE_FAILURE_WEBGL_EXHAUSTED_DRIVERS)
JavaScript warning: https://www.google.com/maps/_/js/k=maps.m.ar.IkBlMbT2vy4.2021.O/m=sc2,per,mo,lp,ep,ti,stx,ds,dwi,enr,pwd,dw,ppl,log,std,b/am=5AIAEgEI/rt=j/d=1/rs=ACT90oE-2cFGdOb2eRSoN_fBD4SRjWv86g?wli=m.mtVJNzbq2uY.loadSv.O%3A%3Bm.x5nk1qLq7fs.mapcore.O%3A%3B&cb=M, line 2391: Failed to create WebGL context: WebGL creation failed: 
* WebglAllowWindowsNativeGl:false restricts context creation on this system. ()
* Exhausted GL driver options. (FEATURE_FAILURE_WEBGL_EXHAUSTED_DRIVERS)
JavaScript warning: https://www.google.com/maps/_/js/k=maps.m.ar.IkBlMbT2vy4.2021.O/m=sc2,per,mo,lp,ep,ti,stx,ds,dwi,enr,pwd,dw,ppl,log,std,b/am=5AIAEgEI/rt=j/d=1/rs=ACT90oE-2cFGdOb2eRSoN_fBD4SRjWv86g?wli=m.mtVJNzbq2uY.loadSv.O%3A%3Bm.x5nk1qLq7fs.mapcore.O%3A%3B&cb=M, line 2391: Failed to create WebGL context: WebGL creation failed: 
* WebglAllowWindowsNativeGl:false restricts context creation on this system. ()
* Exhausted GL driver options. (FEATURE_FAILURE_WEBGL_EXHAUSTED_DRIVERS)
JavaScript warning: https://www.google.com/maps/_/js/k=maps.m.ar.IkBlMbT2vy4.2021.O/m=sc2,per,mo,lp,ep,ti,stx,ds,dwi,enr,pwd,dw,ppl,log,std,b/am=5AIAEgEI/rt=j/d=1/rs=ACT90oE-2cFGdOb2eRSoN_fBD4SRjWv86g?wli=m.mtVJNzbq2uY.loadSv.O%3A%3Bm.x5nk1qLq7fs.mapcore.O%3A%3B&cb=M, line 2391: Failed to create WebGL context: WebGL creation failed: 
* WebglAllowWindowsNativeGl:false restricts context creation on this system. ()
* Exhausted GL driver options. (FEATURE_FAILURE_WEBGL_EXHAUSTED_DRIVERS)
JavaScript warning: https://www.google.com/js/bg/SCta8LtUgwFLYZO17SojFFPkpUdru8Ts-V-5Fn_C8Ck.js, line 2021: unreachable code after return statement
JavaScript warning: https://www.google.com/js/bg/SCta8LtUgwFLYZO17SojFFPkpUdru8Ts-V-5Fn_C8Ck.js, line 2021: unreachable code after return statement
JavaScript warning: https://www.google.com/js/bg/SCta8LtUgwFLYZO17SojFFPkpUdru8Ts-V-5Fn_C8Ck.js, line 2021: unreachable code after return statement
JavaScript warning: https://www.google.com/js/bg/SCta8LtUgwFLYZO17SojFFPkpUdru8Ts-V-5Fn_C8Ck.js, line 2021: unreachable code after return statement
JavaScript warning: https://www.google.com/js/bg/SCta8LtUgwFLYZO17SojFFPkpUdru8Ts-V-5Fn_C8Ck.js, line 2021: unreachable code after return statement
JavaScript warning: https://www.google.com/js/bg/SCta8LtUgwFLYZO17SojFFPkpUdru8Ts-V-5Fn_C8Ck.js, line 2021: unreachable code after return statement
JavaScript warning: https://www.google.com/js/bg/SCta8LtUgwFLYZO17SojFFPkpUdru8Ts-V-5Fn_C8Ck.js, line 2021: unreachable code after return statement
JavaScript warning: https://www.google.com/js/bg/SCta8LtUgwFLYZO17SojFFPkpUdru8Ts-V-5Fn_C8Ck.js line 2 > eval, line 2021: unreachable code after return statement
JavaScript warning: https://www.google.com/js/bg/SCta8LtUgwFLYZO17SojFFPkpUdru8Ts-V-5Fn_C8Ck.js line 2 > eval, line 2021: unreachable code after return statement
JavaScript warning: https://www.google.com/js/bg/SCta8LtUgwFLYZO17SojFFPkpUdru8Ts-V-5Fn_C8Ck.js line 2 > eval, line 2021: unreachable code after return statement
JavaScript warning: https://www.google.com/js/bg/SCta8LtUgwFLYZO17SojFFPkpUdru8Ts-V-5Fn_C8Ck.js line 2 > eval, line 2021: unreachable code after return statement
JavaScript warning: https://www.google.com/js/bg/SCta8LtUgwFLYZO17SojFFPkpUdru8Ts-V-5Fn_C8Ck.js line 2 > eval, line 1: unreachable code after return statement
JavaScript warning: https://www.google.com/js/bg/SCta8LtUgwFLYZO17SojFFPkpUdru8Ts-V-5Fn_C8Ck.js line 2 > eval line 2021 > eval, line 1: unreachable code after return statement
JavaScript warning: https://www.google.com/js/bg/SCta8LtUgwFLYZO17SojFFPkpUdru8Ts-V-5Fn_C8Ck.js line 2 > eval, line 1: unreachable code after return statement
JavaScript warning: https://www.google.com/js/bg/SCta8LtUgwFLYZO17SojFFPkpUdru8Ts-V-5Fn_C8Ck.js line 2 > eval line 2021 > eval, line 1: unreachable code after return statement
JavaScript warning: https://www.google.com/js/bg/SCta8LtUgwFLYZO17SojFFPkpUdru8Ts-V-5Fn_C8Ck.js line 2 > eval, line 1: unreachable code after return statement
JavaScript warning: https://www.google.com/js/bg/SCta8LtUgwFLYZO17SojFFPkpUdru8Ts-V-5Fn_C8Ck.js line 2 > eval line 2021 > eval, line 1: unreachable code after return statement
JavaScript warning: https://www.google.com/js/bg/SCta8LtUgwFLYZO17SojFFPkpUdru8Ts-V-5Fn_C8Ck.js line 2 > eval line 2021 > eval, line 1: unreachable code after return statement
JavaScript warning: https://www.google.com/js/bg/SCta8LtUgwFLYZO17SojFFPkpUdru8Ts-V-5Fn_C8Ck.js line 2 > eval line 2021 > eval line 1 > eval, line 1: unreachable code after return statement
JavaScript warning: https://www.google.com/js/bg/SCta8LtUgwFLYZO17SojFFPkpUdru8Ts-V-5Fn_C8Ck.js line 2 > eval, line 2021: unreachable code after return statement
JavaScript warning: https://www.google.com/js/bg/SCta8LtUgwFLYZO17SojFFPkpUdru8Ts-V-5Fn_C8Ck.js line 2 > eval, line 2021: unreachable code after return statement
JavaScript warning: https://www.google.com/js/bg/SCta8LtUgwFLYZO17SojFFPkpUdru8Ts-V-5Fn_C8Ck.js line 2 > eval, line 2021: unreachable code after return statement
JavaScript warning: https://www.google.com/js/bg/SCta8LtUgwFLYZO17SojFFPkpUdru8Ts-V-5Fn_C8Ck.js line 2 > eval line 2021 > eval line 1 > eval, line 1: unreachable code after return statement
JavaScript warning: https://www.google.com/js/bg/SCta8LtUgwFLYZO17SojFFPkpUdru8Ts-V-5Fn_C8Ck.js line 2 > eval line 2021 > eval line 1 > eval, line 1: unreachable code after return statement
JavaScript warning: https://www.google.com/js/bg/SCta8LtUgwFLYZO17SojFFPkpUdru8Ts-V-5Fn_C8Ck.js line 2 > eval line 2021 > eval line 1 > eval, line 1: unreachable code after return statement
JavaScript warning: https://www.google.com/js/bg/SCta8LtUgwFLYZO17SojFFPkpUdru8Ts-V-5Fn_C8Ck.js line 2 > eval line 2021 > eval line 1 > eval, line 1: unreachable code after return statement
JavaScript warning: https://www.google.com/js/bg/SCta8LtUgwFLYZO17SojFFPkpUdru8Ts-V-5Fn_C8Ck.js line 2 > eval line 2021 > eval line 1 > eval line 1 > eval, line 1: unreachable code after return statement
JavaScript warning: https://www.google.com/js/bg/SCta8LtUgwFLYZO17SojFFPkpUdru8Ts-V-5Fn_C8Ck.js line 2 > eval line 2021 > eval line 1 > eval line 1 > eval, line 1: unreachable code after return statement
JavaScript warning: https://www.google.com/js/bg/SCta8LtUgwFLYZO17SojFFPkpUdru8Ts-V-5Fn_C8Ck.js line 2 > eval line 2021 > eval line 1 > eval line 1 > eval, line 1: unreachable code after return statement
JavaScript warning: https://www.google.com/js/bg/SCta8LtUgwFLYZO17SojFFPkpUdru8Ts-V-5Fn_C8Ck.js line 2 > eval line 2021 > eval line 1 > eval line 1 > eval, line 1: unreachable code after return statement
1761454956313	Marionette	INFO	Stopped listening on port 39299
console.error: (new TypeError("NetworkError when attempting to fetch resource.", ""))
console.error: (new Error("OHTTP was configured for https://ads.mozilla.org/v1/delete_user but we couldn't fetch a valid config", "moz-src:///browser/modules/ContextId.sys.mjs", 234))
console.error: "Failed to fetch https://spocs.getpocket.com/user:" "NetworkError when attempting to fetch resource."
console.warn: TopSitesFeed: Failed to fetch data from MARS server: NetworkError when attempting to fetch resource.
JavaScript error: resource://gre/modules/ObliviousHTTP.sys.mjs, line 117: NS_ERROR_XPC_CANT_CONVERT_PRIMITIVE_TO_ARRAY: Cannot convert primitive JavaScript value into an array arg 2 [nsIObliviousHttpService.newChannel]
